Removed Pin From Net: NetName=V_24pwr Pin=C1-1
Removed Pin From Net: NetName=V_24pwr Pin=DD1-1
Removed Pin From Net: NetName=V_24pwr Pin=R19-2
Added Component: Designator=C3(CAPC3225X270N)
Add component (AddParameter): Name = "Value"; Value = ""; VariantName = "[No Variations]"
Added Component: Designator=C31(CAPACITOR 0603)
Add component (AddParameter): Name = "Value"; Value = ""; VariantName = "[No Variations]"
Added Component: Designator=C32(CAPACITOR 0603)
Add component (AddParameter): Name = "Value"; Value = ""; VariantName = "[No Variations]"
Added Component: Designator=C33(CAPACITOR 0603)
Add component (AddParameter): Name = "Value"; Value = ""; VariantName = "[No Variations]"
Added Component: Designator=D2(AM2D-NZ)
Added Component: Designator=D3(SOT23)
Added Component: Designator=DD2(NSO8)
Add component (AddParameter): Name = "ComponentLink1URL"; Value = "http://pdfserv.maxim-ic.com/en/ds/MAX1487-MAX491.pdf"; VariantName = "[No Variations]"
Add component (AddParameter): Name = "Type"; Value = "MAX485"; VariantName = "[No Variations]"
Added Component: Designator=DG1(15EDGVC-3.5-16P)
Added Component: Designator=DG2(15EDGVC-3.5-16P)
Added Component: Designator=ISO1(*SOIC127P1030X265-16N)
Added Component: Designator=R11(RESCHIP0603)
Add component (AddParameter): Name = "CompType"; Value = "Resistor"; VariantName = "[No Variations]"
Add component (AddParameter): Name = "Note"; Value = ""; VariantName = "[No Variations]"
Add component (AddParameter): Name = "Package"; Value = "0603"; VariantName = "[No Variations]"
Add component (AddParameter): Name = "PartNumber"; Value = ""; VariantName = "[No Variations]"
Add component (AddParameter): Name = "Pins"; Value = "2"; VariantName = "[No Variations]"
Add component (AddParameter): Name = "SnapEDA_Link"; Value = ""; VariantName = "[No Variations]"
Add component (AddParameter): Name = "Tolerance_Percent"; Value = "{Tolerance_Percent}"; VariantName = "[No Variations]"
Add component (AddParameter): Name = "Value"; Value = "0"; VariantName = "[No Variations]"
Add component (AddParameter): Name = "Voltage"; Value = ""; VariantName = "[No Variations]"
Added Component: Designator=R12(RESCHIP0805)
Add component (AddParameter): Name = "CompType"; Value = "Resistor"; VariantName = "[No Variations]"
Add component (AddParameter): Name = "Note"; Value = ""; VariantName = "[No Variations]"
Add component (AddParameter): Name = "Package"; Value = "0603"; VariantName = "[No Variations]"
Add component (AddParameter): Name = "PartNumber"; Value = ""; VariantName = "[No Variations]"
Add component (AddParameter): Name = "Pins"; Value = "2"; VariantName = "[No Variations]"
Add component (AddParameter): Name = "SnapEDA_Link"; Value = ""; VariantName = "[No Variations]"
Add component (AddParameter): Name = "Tolerance_Percent"; Value = "{Tolerance_Percent}"; VariantName = "[No Variations]"
Add component (AddParameter): Name = "Value"; Value = "120R"; VariantName = "[No Variations]"
Add component (AddParameter): Name = "Voltage"; Value = ""; VariantName = "[No Variations]"
Added Component: Designator=R13(RESCHIP0603)
Add component (AddParameter): Name = "CompType"; Value = "Resistor"; VariantName = "[No Variations]"
Add component (AddParameter): Name = "Note"; Value = ""; VariantName = "[No Variations]"
Add component (AddParameter): Name = "Package"; Value = "0603"; VariantName = "[No Variations]"
Add component (AddParameter): Name = "PartNumber"; Value = ""; VariantName = "[No Variations]"
Add component (AddParameter): Name = "Pins"; Value = "2"; VariantName = "[No Variations]"
Add component (AddParameter): Name = "SnapEDA_Link"; Value = ""; VariantName = "[No Variations]"
Add component (AddParameter): Name = "Tolerance_Percent"; Value = "{Tolerance_Percent}"; VariantName = "[No Variations]"
Add component (AddParameter): Name = "Value"; Value = "0"; VariantName = "[No Variations]"
Add component (AddParameter): Name = "Voltage"; Value = ""; VariantName = "[No Variations]"
Added Component: Designator=R14(RESCHIP1206)
Add component (AddParameter): Name = "CompType"; Value = "Resistor"; VariantName = "[No Variations]"
Add component (AddParameter): Name = "Note"; Value = ""; VariantName = "[No Variations]"
Add component (AddParameter): Name = "Package"; Value = "0603"; VariantName = "[No Variations]"
Add component (AddParameter): Name = "PartNumber"; Value = ""; VariantName = "[No Variations]"
Add component (AddParameter): Name = "Pins"; Value = "2"; VariantName = "[No Variations]"
Add component (AddParameter): Name = "SnapEDA_Link"; Value = ""; VariantName = "[No Variations]"
Add component (AddParameter): Name = "Tolerance_Percent"; Value = "{Tolerance_Percent}"; VariantName = "[No Variations]"
Add component (AddParameter): Name = "Value"; Value = "NC"; VariantName = "[No Variations]"
Add component (AddParameter): Name = "Voltage"; Value = ""; VariantName = "[No Variations]"
Added Component: Designator=R15(RESCHIP0603)
Add component (AddParameter): Name = "CompType"; Value = "Resistor"; VariantName = "[No Variations]"
Add component (AddParameter): Name = "Note"; Value = ""; VariantName = "[No Variations]"
Add component (AddParameter): Name = "Package"; Value = "0603"; VariantName = "[No Variations]"
Add component (AddParameter): Name = "PartNumber"; Value = ""; VariantName = "[No Variations]"
Add component (AddParameter): Name = "Pins"; Value = "2"; VariantName = "[No Variations]"
Add component (AddParameter): Name = "SnapEDA_Link"; Value = ""; VariantName = "[No Variations]"
Add component (AddParameter): Name = "Tolerance_Percent"; Value = "{Tolerance_Percent}"; VariantName = "[No Variations]"
Add component (AddParameter): Name = "Value"; Value = "10k"; VariantName = "[No Variations]"
Add component (AddParameter): Name = "Voltage"; Value = ""; VariantName = "[No Variations]"
Added Component: Designator=R16(RESCHIP0603)
Add component (AddParameter): Name = "CompType"; Value = "Resistor"; VariantName = "[No Variations]"
Add component (AddParameter): Name = "Note"; Value = ""; VariantName = "[No Variations]"
Add component (AddParameter): Name = "Package"; Value = "0603"; VariantName = "[No Variations]"
Add component (AddParameter): Name = "PartNumber"; Value = ""; VariantName = "[No Variations]"
Add component (AddParameter): Name = "Pins"; Value = "2"; VariantName = "[No Variations]"
Add component (AddParameter): Name = "SnapEDA_Link"; Value = ""; VariantName = "[No Variations]"
Add component (AddParameter): Name = "Tolerance_Percent"; Value = "{Tolerance_Percent}"; VariantName = "[No Variations]"
Add component (AddParameter): Name = "Value"; Value = "10k"; VariantName = "[No Variations]"
Add component (AddParameter): Name = "Voltage"; Value = ""; VariantName = "[No Variations]"
Added Component: Designator=XP4(ZL201-3)
Add component (AddParameter): Name = "Class"; Value = "Электронные компоненты"; VariantName = "[No Variations]"
Add component (AddParameter): Name = "Installation"; Value = "DIP"; VariantName = "[No Variations]"
Add component (AddParameter): Name = "Ordering_Information"; Value = "{Ordering_Information}"; VariantName = "[No Variations]"
Add component (AddParameter): Name = "Pins"; Value = "3"; VariantName = "[No Variations]"
Add component (AddParameter): Name = "Pitch_mm"; Value = "{Pitch_mm}"; VariantName = "[No Variations]"
Add component (AddParameter): Name = "SubClass"; Value = "Разъемы"; VariantName = "[No Variations]"
Add component (AddParameter): Name = "Type_of_connector"; Value = "{Type_of_connector}"; VariantName = "[No Variations]"
Add component (AddParameter): Name = "Value"; Value = "PLS-3"; VariantName = "[No Variations]"
Added Pin To Net: NetName=+3.3v Pin=C31-1
Added Pin To Net: NetName=GND Pin=C31-2
Added Pin To Net: NetName=+5v Pin=D2-1
Added Pin To Net: NetName=GND Pin=D2-2
Added Pin To Net: NetName=GND Pin=DG1-1
Added Pin To Net: NetName=+3.3v Pin=ISO1-1
Added Pin To Net: NetName=GND Pin=ISO1-2
Added Pin To Net: NetName=TX Pin=ISO1-5
Added Pin To Net: NetName=RX Pin=ISO1-6
Added Pin To Net: NetName=+3.3v Pin=ISO1-7
Added Pin To Net: NetName=GND Pin=ISO1-8
Added Pin To Net: NetName=V_24pwr Pin=R14-1
Added Pin To Net: NetName=TX Pin=U1-86
Added Pin To Net: NetName=RX Pin=U1-87
Change Net Name : Old Net Name=V_24pwr New Net Name=NetR14_1
Added Pin To Net: NetName=+5v_ISO Pin=C3-2
Added Pin To Net: NetName=+5v_ISO Pin=C32-2
Added Pin To Net: NetName=+5v_ISO Pin=C33-2
Added Pin To Net: NetName=+5v_ISO Pin=D2-7
Added Pin To Net: NetName=+5v_ISO Pin=DD2-8
Added Pin To Net: NetName=+5v_ISO Pin=ISO1-10
Added Pin To Net: NetName=+5v_ISO Pin=ISO1-16
Added Pin To Net: NetName=+5v_ISO Pin=R15-1
Added Net: Name=+5v_ISO
Added Pin To Net: NetName=485_A Pin=D3-1
Added Pin To Net: NetName=485_A Pin=DG2-1
Added Pin To Net: NetName=485_A Pin=R12-1
Added Pin To Net: NetName=485_A Pin=R13-2
Added Net: Name=485_A
Added Pin To Net: NetName=485_B Pin=D3-2
Added Pin To Net: NetName=485_B Pin=DG2-2
Added Pin To Net: NetName=485_B Pin=R11-2
Added Pin To Net: NetName=485_B Pin=XP4-1
Added Net: Name=485_B
Added Pin To Net: NetName=DE Pin=ISO1-4
Added Pin To Net: NetName=DE Pin=U1-85
Added Net: Name=DE
Added Pin To Net: NetName=GND_ISO Pin=C3-1
Added Pin To Net: NetName=GND_ISO Pin=C32-1
Added Pin To Net: NetName=GND_ISO Pin=C33-1
Added Pin To Net: NetName=GND_ISO Pin=D2-5
Added Pin To Net: NetName=GND_ISO Pin=D3-3
Added Pin To Net: NetName=GND_ISO Pin=DD2-5
Added Pin To Net: NetName=GND_ISO Pin=ISO1-9
Added Pin To Net: NetName=GND_ISO Pin=ISO1-15
Added Pin To Net: NetName=GND_ISO Pin=R16-1
Added Net: Name=GND_ISO
Added Pin To Net: NetName=NetDD2_1 Pin=DD2-1
Added Pin To Net: NetName=NetDD2_1 Pin=ISO1-11
Added Pin To Net: NetName=NetDD2_1 Pin=R15-2
Added Net: Name=NetDD2_1
Added Pin To Net: NetName=NetDD2_2 Pin=DD2-2
Added Pin To Net: NetName=NetDD2_2 Pin=DD2-3
Added Pin To Net: NetName=NetDD2_2 Pin=ISO1-13
Added Pin To Net: NetName=NetDD2_2 Pin=R16-2
Added Net: Name=NetDD2_2
Added Pin To Net: NetName=NetDD2_4 Pin=DD2-4
Added Pin To Net: NetName=NetDD2_4 Pin=ISO1-12
Added Net: Name=NetDD2_4
Added Pin To Net: NetName=NetDD2_6 Pin=DD2-6
Added Pin To Net: NetName=NetDD2_6 Pin=R13-1
Added Net: Name=NetDD2_6
Added Pin To Net: NetName=NetDD2_7 Pin=DD2-7
Added Pin To Net: NetName=NetDD2_7 Pin=R11-1
Added Net: Name=NetDD2_7
Added Pin To Net: NetName=NetR12_2 Pin=R12-2
Added Pin To Net: NetName=NetR12_2 Pin=XP4-2
Added Net: Name=NetR12_2
Added Pin To Net: NetName=V_24pwr Pin=C1-1
Added Pin To Net: NetName=V_24pwr Pin=DD1-1
Added Pin To Net: NetName=V_24pwr Pin=DG1-2
Added Pin To Net: NetName=V_24pwr Pin=R14-2
Added Pin To Net: NetName=V_24pwr Pin=R19-2
Added Net: Name=V_24pwr
Change Class Name : Old Net Name=ControlPCB New Net Name=control_PWR_PCB
Added Member To Class: ClassName=control_PWR_PCB Member=Component C3 10uF
Added Member To Class: ClassName=control_PWR_PCB Member=Component C31 0.1uF
Added Member To Class: ClassName=control_PWR_PCB Member=Component C32 0.1uF
Added Member To Class: ClassName=control_PWR_PCB Member=Component C33 0.1uF
Added Member To Class: ClassName=control_PWR_PCB Member=Component D2 AM1DS-0505SJZ
Added Member To Class: ClassName=control_PWR_PCB Member=Component D3 SM712
Added Member To Class: ClassName=control_PWR_PCB Member=Component DD2 MAX485
Added Member To Class: ClassName=control_PWR_PCB Member=Component DG1 15EDGVC-3.5-2P
Added Member To Class: ClassName=control_PWR_PCB Member=Component DG2 15EDGVC-3.5-2P
Added Member To Class: ClassName=control_PWR_PCB Member=Component ISO1 ISO7241
Added Member To Class: ClassName=control_PWR_PCB Member=Component R11 0
Added Member To Class: ClassName=control_PWR_PCB Member=Component R12 120R
Added Member To Class: ClassName=control_PWR_PCB Member=Component R13 0
Added Member To Class: ClassName=control_PWR_PCB Member=Component R14 NC
Added Member To Class: ClassName=control_PWR_PCB Member=Component R15 10k
Added Member To Class: ClassName=control_PWR_PCB Member=Component R16 10k
Added Member To Class: ClassName=control_PWR_PCB Member=Component XP4 PLS-3
