Replace Part C1 Capasitor in D:\Radio\Jobe\PWR_Switch_ETH\PCB\PWR_Switch_PCB\PWR_Switch_PCB.SchDoc with Capasitor from Maks_lib.IntLib
Replace Part C2 Capasitor in D:\Radio\Jobe\PWR_Switch_ETH\PCB\PWR_Switch_PCB\PWR_Switch_PCB.SchDoc with Capasitor from Maks_lib.IntLib
Replace Part C3 Capasitor in D:\Radio\Jobe\PWR_Switch_ETH\PCB\PWR_Switch_PCB\PWR_Switch_PCB.SchDoc with Capasitor from Maks_lib.IntLib
Replace Part C4 Capasitor in D:\Radio\Jobe\PWR_Switch_ETH\PCB\PWR_Switch_PCB\PWR_Switch_PCB.SchDoc with Capasitor from Maks_lib.IntLib
Replace Part C5 Capasitor in D:\Radio\Jobe\PWR_Switch_ETH\PCB\PWR_Switch_PCB\PWR_Switch_PCB.SchDoc with Capasitor from Maks_lib.IntLib
Replace Part C6 Capasitor in D:\Radio\Jobe\PWR_Switch_ETH\PCB\PWR_Switch_PCB\PWR_Switch_PCB.SchDoc with Capasitor from Maks_lib.IntLib
Replace Part C7 Capasitor in D:\Radio\Jobe\PWR_Switch_ETH\PCB\PWR_Switch_PCB\PWR_Switch_PCB.SchDoc with Capasitor from Maks_lib.IntLib
Replace Part C8 C - EL_Tantal_SMD_TypeD in D:\Radio\Jobe\PWR_Switch_ETH\PCB\PWR_Switch_PCB\PWR_Switch_PCB.SchDoc with C - EL_Tantal_SMD_TypeD from Biblioteka.IntLib
Replace Part C9 Capasitor in D:\Radio\Jobe\PWR_Switch_ETH\PCB\PWR_Switch_PCB\PWR_Switch_PCB.SchDoc with Capasitor from Maks_lib.IntLib
Replace Part C10 C - EL_Tantal_SMD_TypeD in D:\Radio\Jobe\PWR_Switch_ETH\PCB\PWR_Switch_PCB\PWR_Switch_PCB.SchDoc with C - EL_Tantal_SMD_TypeD from Biblioteka.IntLib
Replace Part C11 Cap C in D:\Radio\Jobe\PWR_Switch_ETH\PCB\PWR_Switch_PCB\PWR_Switch_PCB.SchDoc with Cap C from RCL.IntLib
Replace Part C12 EEEFK1V471SV in D:\Radio\Jobe\PWR_Switch_ETH\PCB\PWR_Switch_PCB\PWR_Switch_PCB.SchDoc with EEEFK1V471SV from EEEFK1V471SV.IntLib
Replace Part C13 Cap Pol in D:\Radio\Jobe\PWR_Switch_ETH\PCB\PWR_Switch_PCB\PWR_Switch_PCB.SchDoc with Cap Pol from RCL.IntLib
Replace Part C14 Cap Pol in D:\Radio\Jobe\PWR_Switch_ETH\PCB\PWR_Switch_PCB\PWR_Switch_PCB.SchDoc with Cap Pol from RCL.IntLib
Replace Part C15 EEEFK1V471SV in D:\Radio\Jobe\PWR_Switch_ETH\PCB\PWR_Switch_PCB\PWR_Switch_PCB.SchDoc with EEEFK1V471SV from EEEFK1V471SV.IntLib
Replace Part C16 Capasitor in D:\Radio\Jobe\PWR_Switch_ETH\PCB\PWR_Switch_PCB\PWR_Switch_PCB.SchDoc with Capasitor from Maks_lib.IntLib
Replace Part C17 C - EL_Tantal_SMD_TypeD in D:\Radio\Jobe\PWR_Switch_ETH\PCB\PWR_Switch_PCB\PWR_Switch_PCB.SchDoc with C - EL_Tantal_SMD_TypeD from Biblioteka.IntLib
Replace Part C18 Cap Pol in D:\Radio\Jobe\PWR_Switch_ETH\PCB\PWR_Switch_PCB\PWR_Switch_PCB.SchDoc with Cap Pol from RCL.IntLib
Replace Part C19 EEEFK1V471SV in D:\Radio\Jobe\PWR_Switch_ETH\PCB\PWR_Switch_PCB\PWR_Switch_PCB.SchDoc with EEEFK1V471SV from EEEFK1V471SV.IntLib
Replace Part C20 Cap Pol in D:\Radio\Jobe\PWR_Switch_ETH\PCB\PWR_Switch_PCB\PWR_Switch_PCB.SchDoc with Cap Pol from RCL.IntLib
Replace Part C21 EEEFK1V471SV in D:\Radio\Jobe\PWR_Switch_ETH\PCB\PWR_Switch_PCB\PWR_Switch_PCB.SchDoc with EEEFK1V471SV from EEEFK1V471SV.IntLib
Replace Part D1 MBRS540T3G in D:\Radio\Jobe\PWR_Switch_ETH\PCB\PWR_Switch_PCB\PWR_Switch_PCB.SchDoc with MBRS540T3G from MBRS540T3G.IntLib
Replace Part D2 ES1J in D:\Radio\Jobe\PWR_Switch_ETH\PCB\PWR_Switch_PCB\PWR_Switch_PCB.SchDoc with ES1J from ES1J.IntLib
Replace Part D3 MBRS540T3G in D:\Radio\Jobe\PWR_Switch_ETH\PCB\PWR_Switch_PCB\PWR_Switch_PCB.SchDoc with MBRS540T3G from MBRS540T3G.IntLib
Replace Part D4 ES1J in D:\Radio\Jobe\PWR_Switch_ETH\PCB\PWR_Switch_PCB\PWR_Switch_PCB.SchDoc with ES1J from ES1J.IntLib
Replace Part D5 MBRS540T3G in D:\Radio\Jobe\PWR_Switch_ETH\PCB\PWR_Switch_PCB\PWR_Switch_PCB.SchDoc with MBRS540T3G from MBRS540T3G.IntLib
Replace Part D6 ES1J in D:\Radio\Jobe\PWR_Switch_ETH\PCB\PWR_Switch_PCB\PWR_Switch_PCB.SchDoc with ES1J from ES1J.IntLib
Replace Part D7 MBRS540T3G in D:\Radio\Jobe\PWR_Switch_ETH\PCB\PWR_Switch_PCB\PWR_Switch_PCB.SchDoc with MBRS540T3G from MBRS540T3G.IntLib
Replace Part D8 ES1J in D:\Radio\Jobe\PWR_Switch_ETH\PCB\PWR_Switch_PCB\PWR_Switch_PCB.SchDoc with ES1J from ES1J.IntLib
Replace Part D9 MBRS540T3G in D:\Radio\Jobe\PWR_Switch_ETH\PCB\PWR_Switch_PCB\PWR_Switch_PCB.SchDoc with MBRS540T3G from MBRS540T3G.IntLib
Replace Part D10 MBRS540T3G in D:\Radio\Jobe\PWR_Switch_ETH\PCB\PWR_Switch_PCB\PWR_Switch_PCB.SchDoc with MBRS540T3G from MBRS540T3G.IntLib
Replace Part D11 ES1J in D:\Radio\Jobe\PWR_Switch_ETH\PCB\PWR_Switch_PCB\PWR_Switch_PCB.SchDoc with ES1J from ES1J.IntLib
Replace Part D12 MBRS540T3G in D:\Radio\Jobe\PWR_Switch_ETH\PCB\PWR_Switch_PCB\PWR_Switch_PCB.SchDoc with MBRS540T3G from MBRS540T3G.IntLib
Replace Part D13 MBRS540T3G in D:\Radio\Jobe\PWR_Switch_ETH\PCB\PWR_Switch_PCB\PWR_Switch_PCB.SchDoc with MBRS540T3G from MBRS540T3G.IntLib
Replace Part D14 ES1J in D:\Radio\Jobe\PWR_Switch_ETH\PCB\PWR_Switch_PCB\PWR_Switch_PCB.SchDoc with ES1J from ES1J.IntLib
Replace Part DD1 LM2596S-ADJ in D:\Radio\Jobe\PWR_Switch_ETH\PCB\PWR_Switch_PCB\PWR_Switch_PCB.SchDoc with LM2596S-ADJ from Microchip.IntLib
Replace Part DD2 LM2596S-ADJ in D:\Radio\Jobe\PWR_Switch_ETH\PCB\PWR_Switch_PCB\PWR_Switch_PCB.SchDoc with LM2596S-ADJ from Microchip.IntLib
Replace Part DG1 15EDGVC-3.5-2P in D:\Radio\Jobe\PWR_Switch_ETH\PCB\PWR_Switch_PCB\PWR_Switch_PCB.SchDoc with 15EDGVC-3.5-2P from Degson.IntLib
Replace Part DG2 15EDGVC-3.5-16P in D:\Radio\Jobe\PWR_Switch_ETH\PCB\PWR_Switch_PCB\PWR_Switch_PCB.SchDoc with 15EDGVC-3.5-16P from Degson.IntLib
Replace Part L1 SRR1208-6R5ML in D:\Radio\Jobe\PWR_Switch_ETH\PCB\PWR_Switch_PCB\PWR_Switch_PCB.SchDoc with SRR1208-6R5ML from SRR1208-6R5ML.IntLib
Replace Part L2 SRR1208-6R5ML in D:\Radio\Jobe\PWR_Switch_ETH\PCB\PWR_Switch_PCB\PWR_Switch_PCB.SchDoc with SRR1208-6R5ML from SRR1208-6R5ML.IntLib
Replace Part Q1 IRF in D:\Radio\Jobe\PWR_Switch_ETH\PCB\PWR_Switch_PCB\PWR_Switch_PCB.SchDoc with IRF from Mosfet.IntLib
Replace Part Q2 IRF in D:\Radio\Jobe\PWR_Switch_ETH\PCB\PWR_Switch_PCB\PWR_Switch_PCB.SchDoc with IRF from Mosfet.IntLib
Replace Part Q3 IRF in D:\Radio\Jobe\PWR_Switch_ETH\PCB\PWR_Switch_PCB\PWR_Switch_PCB.SchDoc with IRF from Mosfet.IntLib
Replace Part Q4 IRF in D:\Radio\Jobe\PWR_Switch_ETH\PCB\PWR_Switch_PCB\PWR_Switch_PCB.SchDoc with IRF from Mosfet.IntLib
Replace Part Q5 IRF in D:\Radio\Jobe\PWR_Switch_ETH\PCB\PWR_Switch_PCB\PWR_Switch_PCB.SchDoc with IRF from Mosfet.IntLib
Replace Part Q6 IRF in D:\Radio\Jobe\PWR_Switch_ETH\PCB\PWR_Switch_PCB\PWR_Switch_PCB.SchDoc with IRF from Mosfet.IntLib
Replace Part R1 Resistor in D:\Radio\Jobe\PWR_Switch_ETH\PCB\PWR_Switch_PCB\PWR_Switch_PCB.SchDoc with Resistor from Maks_lib.IntLib
Replace Part R2 Resistor in D:\Radio\Jobe\PWR_Switch_ETH\PCB\PWR_Switch_PCB\PWR_Switch_PCB.SchDoc with Resistor from Maks_lib.IntLib
Replace Part R3 Resistor in D:\Radio\Jobe\PWR_Switch_ETH\PCB\PWR_Switch_PCB\PWR_Switch_PCB.SchDoc with Resistor from Maks_lib.IntLib
Replace Part R4 Resistor in D:\Radio\Jobe\PWR_Switch_ETH\PCB\PWR_Switch_PCB\PWR_Switch_PCB.SchDoc with Resistor from Maks_lib.IntLib
Replace Part R5 Resistor in D:\Radio\Jobe\PWR_Switch_ETH\PCB\PWR_Switch_PCB\PWR_Switch_PCB.SchDoc with Resistor from Maks_lib.IntLib
Replace Part R6 Resistor in D:\Radio\Jobe\PWR_Switch_ETH\PCB\PWR_Switch_PCB\PWR_Switch_PCB.SchDoc with Resistor from Maks_lib.IntLib
Replace Part R7 Resistor in D:\Radio\Jobe\PWR_Switch_ETH\PCB\PWR_Switch_PCB\PWR_Switch_PCB.SchDoc with Resistor from Maks_lib.IntLib
Replace Part R8 Resistor in D:\Radio\Jobe\PWR_Switch_ETH\PCB\PWR_Switch_PCB\PWR_Switch_PCB.SchDoc with Resistor from Maks_lib.IntLib
Replace Part R9 Resistor in D:\Radio\Jobe\PWR_Switch_ETH\PCB\PWR_Switch_PCB\PWR_Switch_PCB.SchDoc with Resistor from Maks_lib.IntLib
Replace Part R10 Resistor in D:\Radio\Jobe\PWR_Switch_ETH\PCB\PWR_Switch_PCB\PWR_Switch_PCB.SchDoc with Resistor from Maks_lib.IntLib
Replace Part R11 Resistor in D:\Radio\Jobe\PWR_Switch_ETH\PCB\PWR_Switch_PCB\PWR_Switch_PCB.SchDoc with Resistor from Maks_lib.IntLib
Replace Part R12 Resistor in D:\Radio\Jobe\PWR_Switch_ETH\PCB\PWR_Switch_PCB\PWR_Switch_PCB.SchDoc with Resistor from Maks_lib.IntLib
Replace Part R13 Resistor in D:\Radio\Jobe\PWR_Switch_ETH\PCB\PWR_Switch_PCB\PWR_Switch_PCB.SchDoc with Resistor from Maks_lib.IntLib
Replace Part R14 Resistor in D:\Radio\Jobe\PWR_Switch_ETH\PCB\PWR_Switch_PCB\PWR_Switch_PCB.SchDoc with Resistor from Maks_lib.IntLib
Replace Part R15 Resistor in D:\Radio\Jobe\PWR_Switch_ETH\PCB\PWR_Switch_PCB\PWR_Switch_PCB.SchDoc with Resistor from Maks_lib.IntLib
Replace Part R16 Resistor in D:\Radio\Jobe\PWR_Switch_ETH\PCB\PWR_Switch_PCB\PWR_Switch_PCB.SchDoc with Resistor from Maks_lib.IntLib
Replace Part R17 Resistor in D:\Radio\Jobe\PWR_Switch_ETH\PCB\PWR_Switch_PCB\PWR_Switch_PCB.SchDoc with Resistor from Maks_lib.IntLib
Replace Part R18 Resistor in D:\Radio\Jobe\PWR_Switch_ETH\PCB\PWR_Switch_PCB\PWR_Switch_PCB.SchDoc with Resistor from Maks_lib.IntLib
Replace Part R19 Resistor in D:\Radio\Jobe\PWR_Switch_ETH\PCB\PWR_Switch_PCB\PWR_Switch_PCB.SchDoc with Resistor from Maks_lib.IntLib
Replace Part R20 Resistor in D:\Radio\Jobe\PWR_Switch_ETH\PCB\PWR_Switch_PCB\PWR_Switch_PCB.SchDoc with Resistor from Maks_lib.IntLib
Replace Part R21 Resistor in D:\Radio\Jobe\PWR_Switch_ETH\PCB\PWR_Switch_PCB\PWR_Switch_PCB.SchDoc with Resistor from Maks_lib.IntLib
Replace Part R22 Resistor in D:\Radio\Jobe\PWR_Switch_ETH\PCB\PWR_Switch_PCB\PWR_Switch_PCB.SchDoc with Resistor from Maks_lib.IntLib
Replace Part R23 Resistor in D:\Radio\Jobe\PWR_Switch_ETH\PCB\PWR_Switch_PCB\PWR_Switch_PCB.SchDoc with Resistor from Maks_lib.IntLib
Replace Part R24 Resistor in D:\Radio\Jobe\PWR_Switch_ETH\PCB\PWR_Switch_PCB\PWR_Switch_PCB.SchDoc with Resistor from Maks_lib.IntLib
Replace Part R25 Resistor in D:\Radio\Jobe\PWR_Switch_ETH\PCB\PWR_Switch_PCB\PWR_Switch_PCB.SchDoc with Resistor from Maks_lib.IntLib
Replace Part R26 Resistor in D:\Radio\Jobe\PWR_Switch_ETH\PCB\PWR_Switch_PCB\PWR_Switch_PCB.SchDoc with Resistor from Maks_lib.IntLib
Replace Part R27 Resistor in D:\Radio\Jobe\PWR_Switch_ETH\PCB\PWR_Switch_PCB\PWR_Switch_PCB.SchDoc with Resistor from Maks_lib.IntLib
Replace Part R28 Resistor in D:\Radio\Jobe\PWR_Switch_ETH\PCB\PWR_Switch_PCB\PWR_Switch_PCB.SchDoc with Resistor from Maks_lib.IntLib
Replace Part R29 Res in D:\Radio\Jobe\PWR_Switch_ETH\PCB\PWR_Switch_PCB\PWR_Switch_PCB.SchDoc with Res from RCL.IntLib
Replace Part R30 Res in D:\Radio\Jobe\PWR_Switch_ETH\PCB\PWR_Switch_PCB\PWR_Switch_PCB.SchDoc with Res from RCL.IntLib
Replace Part R31 Resistor in D:\Radio\Jobe\PWR_Switch_ETH\PCB\PWR_Switch_PCB\PWR_Switch_PCB.SchDoc with Resistor from Maks_lib.IntLib
Replace Part R32 Resistor in D:\Radio\Jobe\PWR_Switch_ETH\PCB\PWR_Switch_PCB\PWR_Switch_PCB.SchDoc with Resistor from Maks_lib.IntLib
Replace Part R33 Resistor in D:\Radio\Jobe\PWR_Switch_ETH\PCB\PWR_Switch_PCB\PWR_Switch_PCB.SchDoc with Resistor from Maks_lib.IntLib
Replace Part R34 Resistor in D:\Radio\Jobe\PWR_Switch_ETH\PCB\PWR_Switch_PCB\PWR_Switch_PCB.SchDoc with Resistor from Maks_lib.IntLib
Replace Part R35 Resistor in D:\Radio\Jobe\PWR_Switch_ETH\PCB\PWR_Switch_PCB\PWR_Switch_PCB.SchDoc with Resistor from Maks_lib.IntLib
Replace Part R36 Resistor in D:\Radio\Jobe\PWR_Switch_ETH\PCB\PWR_Switch_PCB\PWR_Switch_PCB.SchDoc with Resistor from Maks_lib.IntLib
Replace Part R37 Resistor in D:\Radio\Jobe\PWR_Switch_ETH\PCB\PWR_Switch_PCB\PWR_Switch_PCB.SchDoc with Resistor from Maks_lib.IntLib
Replace Part R38 Resistor in D:\Radio\Jobe\PWR_Switch_ETH\PCB\PWR_Switch_PCB\PWR_Switch_PCB.SchDoc with Resistor from Maks_lib.IntLib
Replace Part R39 Resistor in D:\Radio\Jobe\PWR_Switch_ETH\PCB\PWR_Switch_PCB\PWR_Switch_PCB.SchDoc with Resistor from Maks_lib.IntLib
Replace Part R40 Resistor in D:\Radio\Jobe\PWR_Switch_ETH\PCB\PWR_Switch_PCB\PWR_Switch_PCB.SchDoc with Resistor from Maks_lib.IntLib
Replace Part R41 Resistor in D:\Radio\Jobe\PWR_Switch_ETH\PCB\PWR_Switch_PCB\PWR_Switch_PCB.SchDoc with Resistor from Maks_lib.IntLib
Replace Part R42 Resistor in D:\Radio\Jobe\PWR_Switch_ETH\PCB\PWR_Switch_PCB\PWR_Switch_PCB.SchDoc with Resistor from Maks_lib.IntLib
Replace Part R43 Resistor in D:\Radio\Jobe\PWR_Switch_ETH\PCB\PWR_Switch_PCB\PWR_Switch_PCB.SchDoc with Resistor from Maks_lib.IntLib
Replace Part R44 Resistor in D:\Radio\Jobe\PWR_Switch_ETH\PCB\PWR_Switch_PCB\PWR_Switch_PCB.SchDoc with Resistor from Maks_lib.IntLib
Replace Part R45 Resistor in D:\Radio\Jobe\PWR_Switch_ETH\PCB\PWR_Switch_PCB\PWR_Switch_PCB.SchDoc with Resistor from Maks_lib.IntLib
Replace Part R46 Resistor in D:\Radio\Jobe\PWR_Switch_ETH\PCB\PWR_Switch_PCB\PWR_Switch_PCB.SchDoc with Resistor from Maks_lib.IntLib
Replace Part R47 Resistor in D:\Radio\Jobe\PWR_Switch_ETH\PCB\PWR_Switch_PCB\PWR_Switch_PCB.SchDoc with Resistor from Maks_lib.IntLib
Replace Part R48 Resistor in D:\Radio\Jobe\PWR_Switch_ETH\PCB\PWR_Switch_PCB\PWR_Switch_PCB.SchDoc with Resistor from Maks_lib.IntLib
Replace Part R49 Resistor in D:\Radio\Jobe\PWR_Switch_ETH\PCB\PWR_Switch_PCB\PWR_Switch_PCB.SchDoc with Resistor from Maks_lib.IntLib
Replace Part R50 Resistor in D:\Radio\Jobe\PWR_Switch_ETH\PCB\PWR_Switch_PCB\PWR_Switch_PCB.SchDoc with Resistor from Maks_lib.IntLib
Replace Part R51 Resistor in D:\Radio\Jobe\PWR_Switch_ETH\PCB\PWR_Switch_PCB\PWR_Switch_PCB.SchDoc with Resistor from Maks_lib.IntLib
Replace Part R52 Resistor in D:\Radio\Jobe\PWR_Switch_ETH\PCB\PWR_Switch_PCB\PWR_Switch_PCB.SchDoc with Resistor from Maks_lib.IntLib
Replace Part R53 Resistor in D:\Radio\Jobe\PWR_Switch_ETH\PCB\PWR_Switch_PCB\PWR_Switch_PCB.SchDoc with Resistor from Maks_lib.IntLib
Replace Part R54 Resistor in D:\Radio\Jobe\PWR_Switch_ETH\PCB\PWR_Switch_PCB\PWR_Switch_PCB.SchDoc with Resistor from Maks_lib.IntLib
Replace Part R55 Resistor in D:\Radio\Jobe\PWR_Switch_ETH\PCB\PWR_Switch_PCB\PWR_Switch_PCB.SchDoc with Resistor from Maks_lib.IntLib
Replace Part S1 SW-DIP4 in D:\Radio\Jobe\PWR_Switch_ETH\PCB\PWR_Switch_PCB\PWR_Switch_PCB.SchDoc with SW-DIP4 from Miscellaneous Devices.IntLib
Replace Part U1 STM32F030F4P6 in D:\Radio\Jobe\PWR_Switch_ETH\PCB\PWR_Switch_PCB\PWR_Switch_PCB.SchDoc with STM32F030F4P6 from STM32F030F4P6.IntLib
Replace Part U2 STM32F030F4P6 in D:\Radio\Jobe\PWR_Switch_ETH\PCB\PWR_Switch_PCB\PWR_Switch_PCB.SchDoc with STM32F030F4P6 from STM32F030F4P6.IntLib
Replace Part U3 IR2110S in D:\Radio\Jobe\PWR_Switch_ETH\PCB\PWR_Switch_PCB\PWR_Switch_PCB.SchDoc with IR2110S from IR2110S.IntLib
Replace Part U4 IR2110S in D:\Radio\Jobe\PWR_Switch_ETH\PCB\PWR_Switch_PCB\PWR_Switch_PCB.SchDoc with IR2110S from IR2110S.IntLib
Replace Part U5 IR2110S in D:\Radio\Jobe\PWR_Switch_ETH\PCB\PWR_Switch_PCB\PWR_Switch_PCB.SchDoc with IR2110S from IR2110S.IntLib
Replace Part VD1 LED SMD in D:\Radio\Jobe\PWR_Switch_ETH\PCB\PWR_Switch_PCB\PWR_Switch_PCB.SchDoc with LED SMD from DT.IntLib
Replace Part VD2 LED SMD in D:\Radio\Jobe\PWR_Switch_ETH\PCB\PWR_Switch_PCB\PWR_Switch_PCB.SchDoc with LED SMD from DT.IntLib
Replace Part VD3 LED SMD in D:\Radio\Jobe\PWR_Switch_ETH\PCB\PWR_Switch_PCB\PWR_Switch_PCB.SchDoc with LED SMD from DT.IntLib
Replace Part VD4 LED SMD in D:\Radio\Jobe\PWR_Switch_ETH\PCB\PWR_Switch_PCB\PWR_Switch_PCB.SchDoc with LED SMD from DT.IntLib
Replace Part VD5 LED SMD in D:\Radio\Jobe\PWR_Switch_ETH\PCB\PWR_Switch_PCB\PWR_Switch_PCB.SchDoc with LED SMD from DT.IntLib
Replace Part VR1 LM1117MPX-3.3 in D:\Radio\Jobe\PWR_Switch_ETH\PCB\PWR_Switch_PCB\PWR_Switch_PCB.SchDoc with LM1117MPX-3.3 from LM1117MPX-3.3.IntLib
Replace Part VT1 BSS138 in D:\Radio\Jobe\PWR_Switch_ETH\PCB\PWR_Switch_PCB\PWR_Switch_PCB.SchDoc with BSS138 from DT.IntLib
Replace Part VT2 BSS138 in D:\Radio\Jobe\PWR_Switch_ETH\PCB\PWR_Switch_PCB\PWR_Switch_PCB.SchDoc with BSS138 from DT.IntLib
Replace Part VT3 BSS138 in D:\Radio\Jobe\PWR_Switch_ETH\PCB\PWR_Switch_PCB\PWR_Switch_PCB.SchDoc with BSS138 from DT.IntLib
Replace Part VT4 BSS138 in D:\Radio\Jobe\PWR_Switch_ETH\PCB\PWR_Switch_PCB\PWR_Switch_PCB.SchDoc with BSS138 from DT.IntLib
Replace Part VT5 BSS138 in D:\Radio\Jobe\PWR_Switch_ETH\PCB\PWR_Switch_PCB\PWR_Switch_PCB.SchDoc with BSS138 from DT.IntLib
Replace Part VT6 BSS138 in D:\Radio\Jobe\PWR_Switch_ETH\PCB\PWR_Switch_PCB\PWR_Switch_PCB.SchDoc with BSS138 from DT.IntLib
Replace Part X1 PLS-5 in D:\Radio\Jobe\PWR_Switch_ETH\PCB\PWR_Switch_PCB\PWR_Switch_PCB.SchDoc with PLS-5 from AX_Altium_v2.3.IntLib
Replace Part X2 PLS-5 in D:\Radio\Jobe\PWR_Switch_ETH\PCB\PWR_Switch_PCB\PWR_Switch_PCB.SchDoc with PLS-5 from AX_Altium_v2.3.IntLib
Replace Part X3 PBD-10R in D:\Radio\Jobe\PWR_Switch_ETH\PCB\PWR_Switch_PCB\PWR_Switch_PCB.SchDoc with PBD-10R from AX_Altium_v2.3.IntLib
Replace Part X4 PLD-10R in D:\Radio\Jobe\PWR_Switch_ETH\PCB\PWR_Switch_PCB\PWR_Switch_PCB.SchDoc with PLD-10R from AX_Altium_v2.3.IntLib
