Removed Pin From Net: NetName=NetD2_A Pin=Q2-1
Removed Pin From Net: NetName=OUT1 Pin=Q2-2
Removed Pin From Net: NetName=OUT1 Pin=Q3-2
Removed Pin From Net: NetName=NetD4_A Pin=Q4-1
Removed Pin From Net: NetName=OUT1 Pin=Q4-2
Removed Pin From Net: NetName=OUT1 Pin=Q5-2
Removed Pin From Net: NetName=OUT1 Pin=Q6-2
Removed Pin From Net: NetName=+12v Pin=U2-3
Removed Pin From Net: NetName=+12v Pin=U2-6
Removed Pin From Net: NetName=+5v Pin=U2-11
Change Component Footprint: Designator=U2 Old Footprint=SOIC127P1032X265-16N New Footprint=SOP65P640X120-20N
Change Component Comment : Designator=U2 Old Comment=IR2110S New Comment=STM32F030F4P6
Change Component Designator: OldDesignator=C7 NewDesignator=C13
Change Component Designator: OldDesignator=C11 NewDesignator=C14
Change Component Designator: OldDesignator=C12 NewDesignator=C18
Change Component Designator: OldDesignator=C13 NewDesignator=C20
Change Component Designator: OldDesignator=D6 NewDesignator=D9
Change Component Designator: OldDesignator=D8 NewDesignator=D12
Change Component Designator: OldDesignator=DG1 NewDesignator=DG2
Change Component Designator: OldDesignator=U1 NewDesignator=U3
Change Component Designator: OldDesignator=U2 NewDesignator=U1
Change Component Designator: OldDesignator=U3 NewDesignator=U2
Change component parameters: Designator = "U2" ("U2"); Footprint = "SOIC127P1032X265-16N"; UniqueID = "\PHAAWEGB" ("\PHAAWEGB")
Change component parameters (AddParameter): Name = "Availability"; Value = "Unavailable"; VariantName = "[No Variations]"
Change component parameters (AddParameter): Name = "MF"; Value = ""; VariantName = "[No Variations]"
Change component parameters (AddParameter): Name = "MP"; Value = "STM32F030F4P6"; VariantName = "[No Variations]"
Change component parameters (AddParameter): Name = "Package"; Value = "None"; VariantName = "[No Variations]"
Change component parameters (AddParameter): Name = "Price"; Value = "None"; VariantName = "[No Variations]"
Change component parameters (AddParameter): Name = "Value"; Value = ""; VariantName = "[No Variations]"
Added Component: Designator=C1(CAPACITOR 0603)
Add component (AddParameter): Name = "Package"; Value = "0603"; VariantName = "[No Variations]"
Add component (AddParameter): Name = "Value"; Value = "0.1 uF"; VariantName = "[No Variations]"
Added Component: Designator=C2(CAPACITOR 0603)
Add component (AddParameter): Name = "Package"; Value = "0603"; VariantName = "[No Variations]"
Add component (AddParameter): Name = "Value"; Value = "0.1 uF"; VariantName = "[No Variations]"
Added Component: Designator=C3(CAPACITOR 0603)
Add component (AddParameter): Name = "Package"; Value = "0603"; VariantName = "[No Variations]"
Add component (AddParameter): Name = "Value"; Value = "0.1 uF"; VariantName = "[No Variations]"
Added Component: Designator=C4(CAPACITOR 0603)
Add component (AddParameter): Name = "Package"; Value = "0603"; VariantName = "[No Variations]"
Add component (AddParameter): Name = "Value"; Value = "0.1 uF"; VariantName = "[No Variations]"
Added Component: Designator=C5(CAPACITOR 0603)
Add component (AddParameter): Name = "Package"; Value = "0603"; VariantName = "[No Variations]"
Add component (AddParameter): Name = "Value"; Value = "0.1 uF"; VariantName = "[No Variations]"
Added Component: Designator=C6(CAPACITOR 0603)
Add component (AddParameter): Name = "Package"; Value = "0603"; VariantName = "[No Variations]"
Add component (AddParameter): Name = "Value"; Value = "0.1 uF"; VariantName = "[No Variations]"
Added Component: Designator=C7(CAPACITOR 0603)
Add component (AddParameter): Name = "Package"; Value = "0603"; VariantName = "[No Variations]"
Add component (AddParameter): Name = "Value"; Value = "0.1 uF"; VariantName = "[No Variations]"
Added Component: Designator=C8(C - EL_Tantal_TYPED)
Add component (AddParameter): Name = "Indication"; Value = "{Indication}"; VariantName = "[No Variations]"
Add component (AddParameter): Name = "Name"; Value = "22uf 35V"; VariantName = "[No Variations]"
Add component (AddParameter): Name = "Value"; Value = "{Value}"; VariantName = "[No Variations]"
Added Component: Designator=C9(CAPACITOR 0603)
Add component (AddParameter): Name = "Package"; Value = "0603"; VariantName = "[No Variations]"
Add component (AddParameter): Name = "Value"; Value = "0.1 uF"; VariantName = "[No Variations]"
Added Component: Designator=C10(C - EL_Tantal_TYPED)
Add component (AddParameter): Name = "Indication"; Value = "{Indication}"; VariantName = "[No Variations]"
Add component (AddParameter): Name = "Name"; Value = "22uf 35V"; VariantName = "[No Variations]"
Add component (AddParameter): Name = "Value"; Value = "{Value}"; VariantName = "[No Variations]"
Added Component: Designator=C11(CAPCHIP1812)
Add component (AddParameter): Name = "Body"; Value = "{Body}"; VariantName = "[No Variations]"
Add component (AddParameter): Name = "Class"; Value = "Ёлектронные компоненты"; VariantName = "[No Variations]"
Add component (AddParameter): Name = "Installation"; Value = "{Installation}"; VariantName = "[No Variations]"
Add component (AddParameter): Name = "Nominal_voltage_V"; Value = "{Nominal_voltage_V}"; VariantName = "[No Variations]"
Add component (AddParameter): Name = "Ordering_Information"; Value = "{Ordering_Information}"; VariantName = "[No Variations]"
Add component (AddParameter): Name = "Package"; Value = "1812"; VariantName = "[No Variations]"
Add component (AddParameter): Name = "Pins"; Value = "{Pins}"; VariantName = "[No Variations]"
Add component (AddParameter): Name = "SubClass"; Value = " онденсаторы"; VariantName = "[No Variations]"
Add component (AddParameter): Name = "TKE"; Value = "{TKE}"; VariantName = "[No Variations]"
Add component (AddParameter): Name = "Tolerance_Percent"; Value = "{Tolerance_Percent}"; VariantName = "[No Variations]"
Add component (AddParameter): Name = "Value"; Value = "4.7 uF"; VariantName = "[No Variations]"
Added Component: Designator=C12(CAP_EEEFK1V471SV)
Add component (AddParameter): Name = "Availability"; Value = "In Stock"; VariantName = "[No Variations]"
Add component (AddParameter): Name = "Check_prices"; Value = "https://www.snapeda.com/parts/EEE-FK1V471SV/Panasonic/view-part/?ref=eda"; VariantName = "[No Variations]"
Add component (AddParameter): Name = "MF"; Value = "Panasonic Electronic Components"; VariantName = "[No Variations]"
Add component (AddParameter): Name = "MP"; Value = "EEE-FK1V471SV"; VariantName = "[No Variations]"
Add component (AddParameter): Name = "Package"; Value = "RADIAL-2 Panasonic"; VariantName = "[No Variations]"
Add component (AddParameter): Name = "Price"; Value = "None"; VariantName = "[No Variations]"
Add component (AddParameter): Name = "Purchase-URL"; Value = "https://pricing.snapeda.com/search/part/EEE-FK1V471SV/?ref=eda"; VariantName = "[No Variations]"
Add component (AddParameter): Name = "SnapEDA_Link"; Value = "https://www.snapeda.com/parts/EEE-FK1V471SV/Panasonic/view-part/?ref=snap"; VariantName = "[No Variations]"
Add component (AddParameter): Name = "Value"; Value = ""; VariantName = "[No Variations]"
Added Component: Designator=C15(CAP_EEEFK1V471SV)
Add component (AddParameter): Name = "Availability"; Value = "In Stock"; VariantName = "[No Variations]"
Add component (AddParameter): Name = "Check_prices"; Value = "https://www.snapeda.com/parts/EEE-FK1V471SV/Panasonic/view-part/?ref=eda"; VariantName = "[No Variations]"
Add component (AddParameter): Name = "MF"; Value = "Panasonic Electronic Components"; VariantName = "[No Variations]"
Add component (AddParameter): Name = "MP"; Value = "EEE-FK1V471SV"; VariantName = "[No Variations]"
Add component (AddParameter): Name = "Package"; Value = "RADIAL-2 Panasonic"; VariantName = "[No Variations]"
Add component (AddParameter): Name = "Price"; Value = "None"; VariantName = "[No Variations]"
Add component (AddParameter): Name = "Purchase-URL"; Value = "https://pricing.snapeda.com/search/part/EEE-FK1V471SV/?ref=eda"; VariantName = "[No Variations]"
Add component (AddParameter): Name = "SnapEDA_Link"; Value = "https://www.snapeda.com/parts/EEE-FK1V471SV/Panasonic/view-part/?ref=snap"; VariantName = "[No Variations]"
Add component (AddParameter): Name = "Value"; Value = ""; VariantName = "[No Variations]"
Added Component: Designator=C16(CAPACITOR 0603)
Add component (AddParameter): Name = "Package"; Value = "0603"; VariantName = "[No Variations]"
Add component (AddParameter): Name = "Value"; Value = "0.1 uF"; VariantName = "[No Variations]"
Added Component: Designator=C17(C - EL_Tantal_TYPED)
Add component (AddParameter): Name = "Indication"; Value = "{Indication}"; VariantName = "[No Variations]"
Add component (AddParameter): Name = "Name"; Value = "22uf 35V"; VariantName = "[No Variations]"
Add component (AddParameter): Name = "Value"; Value = "{Value}"; VariantName = "[No Variations]"
Added Component: Designator=C19(CAP_EEEFK1V471SV)
Add component (AddParameter): Name = "Availability"; Value = "In Stock"; VariantName = "[No Variations]"
Add component (AddParameter): Name = "Check_prices"; Value = "https://www.snapeda.com/parts/EEE-FK1V471SV/Panasonic/view-part/?ref=eda"; VariantName = "[No Variations]"
Add component (AddParameter): Name = "MF"; Value = "Panasonic Electronic Components"; VariantName = "[No Variations]"
Add component (AddParameter): Name = "MP"; Value = "EEE-FK1V471SV"; VariantName = "[No Variations]"
Add component (AddParameter): Name = "Package"; Value = "RADIAL-2 Panasonic"; VariantName = "[No Variations]"
Add component (AddParameter): Name = "Price"; Value = "None"; VariantName = "[No Variations]"
Add component (AddParameter): Name = "Purchase-URL"; Value = "https://pricing.snapeda.com/search/part/EEE-FK1V471SV/?ref=eda"; VariantName = "[No Variations]"
Add component (AddParameter): Name = "SnapEDA_Link"; Value = "https://www.snapeda.com/parts/EEE-FK1V471SV/Panasonic/view-part/?ref=snap"; VariantName = "[No Variations]"
Add component (AddParameter): Name = "Value"; Value = ""; VariantName = "[No Variations]"
Added Component: Designator=C21(CAP_EEEFK1V471SV)
Add component (AddParameter): Name = "Availability"; Value = "In Stock"; VariantName = "[No Variations]"
Add component (AddParameter): Name = "Check_prices"; Value = "https://www.snapeda.com/parts/EEE-FK1V471SV/Panasonic/view-part/?ref=eda"; VariantName = "[No Variations]"
Add component (AddParameter): Name = "MF"; Value = "Panasonic Electronic Components"; VariantName = "[No Variations]"
Add component (AddParameter): Name = "MP"; Value = "EEE-FK1V471SV"; VariantName = "[No Variations]"
Add component (AddParameter): Name = "Package"; Value = "RADIAL-2 Panasonic"; VariantName = "[No Variations]"
Add component (AddParameter): Name = "Price"; Value = "None"; VariantName = "[No Variations]"
Add component (AddParameter): Name = "Purchase-URL"; Value = "https://pricing.snapeda.com/search/part/EEE-FK1V471SV/?ref=eda"; VariantName = "[No Variations]"
Add component (AddParameter): Name = "SnapEDA_Link"; Value = "https://www.snapeda.com/parts/EEE-FK1V471SV/Panasonic/view-part/?ref=snap"; VariantName = "[No Variations]"
Add component (AddParameter): Name = "Value"; Value = ""; VariantName = "[No Variations]"
Added Component: Designator=D1(DIOM7958X213N)
Add component (AddParameter): Name = "Availability"; Value = "Unavailable"; VariantName = "[No Variations]"
Add component (AddParameter): Name = "MF"; Value = "ON Semiconductor"; VariantName = "[No Variations]"
Add component (AddParameter): Name = "MP"; Value = "MBRS540T3G"; VariantName = "[No Variations]"
Add component (AddParameter): Name = "Package"; Value = "DO-214 ON Semiconductor"; VariantName = "[No Variations]"
Add component (AddParameter): Name = "Price"; Value = "None"; VariantName = "[No Variations]"
Add component (AddParameter): Name = "SnapEDA_Link"; Value = "https://www.snapeda.com/parts/MBRS540T3G/ON%20Semiconductor/view-part/78777/?ref=snap"; VariantName = "[No Variations]"
Add component (AddParameter): Name = "Value"; Value = "0603 0.1uF"; VariantName = "[No Variations]"
Added Component: Designator=D2(DIO_ES1J)
Add component (AddParameter): Name = "Arrow_Electronics-Purchase-URL"; Value = "https://snapeda.com/shop?store=Arrow+Electronics&id=1637442"; VariantName = "[No Variations]"
Add component (AddParameter): Name = "Availability"; Value = "Good"; VariantName = "[No Variations]"
Add component (AddParameter): Name = "BuyPart"; Value = "https://www.snapeda.com/parts/ES1J/ON%20Semiconductor/view-part/1637442/?ref=eda"; VariantName = "[No Variations]"
Add component (AddParameter): Name = "DigiKey-Purchase-URL"; Value = "https://snapeda.com/shop?store=DigiKey&id=1637442"; VariantName = "[No Variations]"
Add component (AddParameter): Name = "MF"; Value = "ON Semiconductor"; VariantName = "[No Variations]"
Add component (AddParameter): Name = "Mouser-Purchase-URL"; Value = "https://snapeda.com/shop?store=Mouser&id=1637442"; VariantName = "[No Variations]"
Add component (AddParameter): Name = "MP"; Value = "ES1J"; VariantName = "[No Variations]"
Add component (AddParameter): Name = "Package"; Value = "SMA-2 ON Semiconductor"; VariantName = "[No Variations]"
Add component (AddParameter): Name = "Price"; Value = "None"; VariantName = "[No Variations]"
Add component (AddParameter): Name = "SnapEDA_Link"; Value = "https://www.snapeda.com/parts/ES1J/ON%20Semiconductor/view-part/1637442/?ref=snap"; VariantName = "[No Variations]"
Add component (AddParameter): Name = "Value"; Value = ""; VariantName = "[No Variations]"
Added Component: Designator=D3(DIOM7958X213N)
Add component (AddParameter): Name = "Availability"; Value = "Unavailable"; VariantName = "[No Variations]"
Add component (AddParameter): Name = "MF"; Value = "ON Semiconductor"; VariantName = "[No Variations]"
Add component (AddParameter): Name = "MP"; Value = "MBRS540T3G"; VariantName = "[No Variations]"
Add component (AddParameter): Name = "Package"; Value = "DO-214 ON Semiconductor"; VariantName = "[No Variations]"
Add component (AddParameter): Name = "Price"; Value = "None"; VariantName = "[No Variations]"
Add component (AddParameter): Name = "SnapEDA_Link"; Value = "https://www.snapeda.com/parts/MBRS540T3G/ON%20Semiconductor/view-part/78777/?ref=snap"; VariantName = "[No Variations]"
Add component (AddParameter): Name = "Value"; Value = "0603 0.1uF"; VariantName = "[No Variations]"
Added Component: Designator=D4(DIO_ES1J)
Add component (AddParameter): Name = "Arrow_Electronics-Purchase-URL"; Value = "https://snapeda.com/shop?store=Arrow+Electronics&id=1637442"; VariantName = "[No Variations]"
Add component (AddParameter): Name = "Availability"; Value = "Good"; VariantName = "[No Variations]"
Add component (AddParameter): Name = "BuyPart"; Value = "https://www.snapeda.com/parts/ES1J/ON%20Semiconductor/view-part/1637442/?ref=eda"; VariantName = "[No Variations]"
Add component (AddParameter): Name = "DigiKey-Purchase-URL"; Value = "https://snapeda.com/shop?store=DigiKey&id=1637442"; VariantName = "[No Variations]"
Add component (AddParameter): Name = "MF"; Value = "ON Semiconductor"; VariantName = "[No Variations]"
Add component (AddParameter): Name = "Mouser-Purchase-URL"; Value = "https://snapeda.com/shop?store=Mouser&id=1637442"; VariantName = "[No Variations]"
Add component (AddParameter): Name = "MP"; Value = "ES1J"; VariantName = "[No Variations]"
Add component (AddParameter): Name = "Package"; Value = "SMA-2 ON Semiconductor"; VariantName = "[No Variations]"
Add component (AddParameter): Name = "Price"; Value = "None"; VariantName = "[No Variations]"
Add component (AddParameter): Name = "SnapEDA_Link"; Value = "https://www.snapeda.com/parts/ES1J/ON%20Semiconductor/view-part/1637442/?ref=snap"; VariantName = "[No Variations]"
Add component (AddParameter): Name = "Value"; Value = ""; VariantName = "[No Variations]"
Added Component: Designator=D5(DIOM7958X213N)
Add component (AddParameter): Name = "Availability"; Value = "Unavailable"; VariantName = "[No Variations]"
Add component (AddParameter): Name = "MF"; Value = "ON Semiconductor"; VariantName = "[No Variations]"
Add component (AddParameter): Name = "MP"; Value = "MBRS540T3G"; VariantName = "[No Variations]"
Add component (AddParameter): Name = "Package"; Value = "DO-214 ON Semiconductor"; VariantName = "[No Variations]"
Add component (AddParameter): Name = "Price"; Value = "None"; VariantName = "[No Variations]"
Add component (AddParameter): Name = "SnapEDA_Link"; Value = "https://www.snapeda.com/parts/MBRS540T3G/ON%20Semiconductor/view-part/78777/?ref=snap"; VariantName = "[No Variations]"
Add component (AddParameter): Name = "Value"; Value = "0603 0.1uF"; VariantName = "[No Variations]"
Added Component: Designator=D6(DIO_ES1J)
Add component (AddParameter): Name = "Arrow_Electronics-Purchase-URL"; Value = "https://snapeda.com/shop?store=Arrow+Electronics&id=1637442"; VariantName = "[No Variations]"
Add component (AddParameter): Name = "Availability"; Value = "Good"; VariantName = "[No Variations]"
Add component (AddParameter): Name = "BuyPart"; Value = "https://www.snapeda.com/parts/ES1J/ON%20Semiconductor/view-part/1637442/?ref=eda"; VariantName = "[No Variations]"
Add component (AddParameter): Name = "DigiKey-Purchase-URL"; Value = "https://snapeda.com/shop?store=DigiKey&id=1637442"; VariantName = "[No Variations]"
Add component (AddParameter): Name = "MF"; Value = "ON Semiconductor"; VariantName = "[No Variations]"
Add component (AddParameter): Name = "Mouser-Purchase-URL"; Value = "https://snapeda.com/shop?store=Mouser&id=1637442"; VariantName = "[No Variations]"
Add component (AddParameter): Name = "MP"; Value = "ES1J"; VariantName = "[No Variations]"
Add component (AddParameter): Name = "Package"; Value = "SMA-2 ON Semiconductor"; VariantName = "[No Variations]"
Add component (AddParameter): Name = "Price"; Value = "None"; VariantName = "[No Variations]"
Add component (AddParameter): Name = "SnapEDA_Link"; Value = "https://www.snapeda.com/parts/ES1J/ON%20Semiconductor/view-part/1637442/?ref=snap"; VariantName = "[No Variations]"
Add component (AddParameter): Name = "Value"; Value = ""; VariantName = "[No Variations]"
Added Component: Designator=D7(DIOM7958X213N)
Add component (AddParameter): Name = "Availability"; Value = "Unavailable"; VariantName = "[No Variations]"
Add component (AddParameter): Name = "MF"; Value = "ON Semiconductor"; VariantName = "[No Variations]"
Add component (AddParameter): Name = "MP"; Value = "MBRS540T3G"; VariantName = "[No Variations]"
Add component (AddParameter): Name = "Package"; Value = "DO-214 ON Semiconductor"; VariantName = "[No Variations]"
Add component (AddParameter): Name = "Price"; Value = "None"; VariantName = "[No Variations]"
Add component (AddParameter): Name = "SnapEDA_Link"; Value = "https://www.snapeda.com/parts/MBRS540T3G/ON%20Semiconductor/view-part/78777/?ref=snap"; VariantName = "[No Variations]"
Add component (AddParameter): Name = "Value"; Value = "0603 0.1uF"; VariantName = "[No Variations]"
Added Component: Designator=D8(DIO_ES1J)
Add component (AddParameter): Name = "Arrow_Electronics-Purchase-URL"; Value = "https://snapeda.com/shop?store=Arrow+Electronics&id=1637442"; VariantName = "[No Variations]"
Add component (AddParameter): Name = "Availability"; Value = "Good"; VariantName = "[No Variations]"
Add component (AddParameter): Name = "BuyPart"; Value = "https://www.snapeda.com/parts/ES1J/ON%20Semiconductor/view-part/1637442/?ref=eda"; VariantName = "[No Variations]"
Add component (AddParameter): Name = "DigiKey-Purchase-URL"; Value = "https://snapeda.com/shop?store=DigiKey&id=1637442"; VariantName = "[No Variations]"
Add component (AddParameter): Name = "MF"; Value = "ON Semiconductor"; VariantName = "[No Variations]"
Add component (AddParameter): Name = "Mouser-Purchase-URL"; Value = "https://snapeda.com/shop?store=Mouser&id=1637442"; VariantName = "[No Variations]"
Add component (AddParameter): Name = "MP"; Value = "ES1J"; VariantName = "[No Variations]"
Add component (AddParameter): Name = "Package"; Value = "SMA-2 ON Semiconductor"; VariantName = "[No Variations]"
Add component (AddParameter): Name = "Price"; Value = "None"; VariantName = "[No Variations]"
Add component (AddParameter): Name = "SnapEDA_Link"; Value = "https://www.snapeda.com/parts/ES1J/ON%20Semiconductor/view-part/1637442/?ref=snap"; VariantName = "[No Variations]"
Add component (AddParameter): Name = "Value"; Value = ""; VariantName = "[No Variations]"
Added Component: Designator=D10(DIOM7958X213N)
Add component (AddParameter): Name = "Availability"; Value = "Unavailable"; VariantName = "[No Variations]"
Add component (AddParameter): Name = "MF"; Value = "ON Semiconductor"; VariantName = "[No Variations]"
Add component (AddParameter): Name = "MP"; Value = "MBRS540T3G"; VariantName = "[No Variations]"
Add component (AddParameter): Name = "Package"; Value = "DO-214 ON Semiconductor"; VariantName = "[No Variations]"
Add component (AddParameter): Name = "Price"; Value = "None"; VariantName = "[No Variations]"
Add component (AddParameter): Name = "SnapEDA_Link"; Value = "https://www.snapeda.com/parts/MBRS540T3G/ON%20Semiconductor/view-part/78777/?ref=snap"; VariantName = "[No Variations]"
Add component (AddParameter): Name = "Value"; Value = "0603 0.1uF"; VariantName = "[No Variations]"
Added Component: Designator=D11(DIO_ES1J)
Add component (AddParameter): Name = "Arrow_Electronics-Purchase-URL"; Value = "https://snapeda.com/shop?store=Arrow+Electronics&id=1637442"; VariantName = "[No Variations]"
Add component (AddParameter): Name = "Availability"; Value = "Good"; VariantName = "[No Variations]"
Add component (AddParameter): Name = "BuyPart"; Value = "https://www.snapeda.com/parts/ES1J/ON%20Semiconductor/view-part/1637442/?ref=eda"; VariantName = "[No Variations]"
Add component (AddParameter): Name = "DigiKey-Purchase-URL"; Value = "https://snapeda.com/shop?store=DigiKey&id=1637442"; VariantName = "[No Variations]"
Add component (AddParameter): Name = "MF"; Value = "ON Semiconductor"; VariantName = "[No Variations]"
Add component (AddParameter): Name = "Mouser-Purchase-URL"; Value = "https://snapeda.com/shop?store=Mouser&id=1637442"; VariantName = "[No Variations]"
Add component (AddParameter): Name = "MP"; Value = "ES1J"; VariantName = "[No Variations]"
Add component (AddParameter): Name = "Package"; Value = "SMA-2 ON Semiconductor"; VariantName = "[No Variations]"
Add component (AddParameter): Name = "Price"; Value = "None"; VariantName = "[No Variations]"
Add component (AddParameter): Name = "SnapEDA_Link"; Value = "https://www.snapeda.com/parts/ES1J/ON%20Semiconductor/view-part/1637442/?ref=snap"; VariantName = "[No Variations]"
Add component (AddParameter): Name = "Value"; Value = ""; VariantName = "[No Variations]"
Added Component: Designator=D13(DIOM7958X213N)
Add component (AddParameter): Name = "Availability"; Value = "Unavailable"; VariantName = "[No Variations]"
Add component (AddParameter): Name = "MF"; Value = "ON Semiconductor"; VariantName = "[No Variations]"
Add component (AddParameter): Name = "MP"; Value = "MBRS540T3G"; VariantName = "[No Variations]"
Add component (AddParameter): Name = "Package"; Value = "DO-214 ON Semiconductor"; VariantName = "[No Variations]"
Add component (AddParameter): Name = "Price"; Value = "None"; VariantName = "[No Variations]"
Add component (AddParameter): Name = "SnapEDA_Link"; Value = "https://www.snapeda.com/parts/MBRS540T3G/ON%20Semiconductor/view-part/78777/?ref=snap"; VariantName = "[No Variations]"
Add component (AddParameter): Name = "Value"; Value = "0603 0.1uF"; VariantName = "[No Variations]"
Added Component: Designator=D14(DIO_ES1J)
Add component (AddParameter): Name = "Arrow_Electronics-Purchase-URL"; Value = "https://snapeda.com/shop?store=Arrow+Electronics&id=1637442"; VariantName = "[No Variations]"
Add component (AddParameter): Name = "Availability"; Value = "Good"; VariantName = "[No Variations]"
Add component (AddParameter): Name = "BuyPart"; Value = "https://www.snapeda.com/parts/ES1J/ON%20Semiconductor/view-part/1637442/?ref=eda"; VariantName = "[No Variations]"
Add component (AddParameter): Name = "DigiKey-Purchase-URL"; Value = "https://snapeda.com/shop?store=DigiKey&id=1637442"; VariantName = "[No Variations]"
Add component (AddParameter): Name = "MF"; Value = "ON Semiconductor"; VariantName = "[No Variations]"
Add component (AddParameter): Name = "Mouser-Purchase-URL"; Value = "https://snapeda.com/shop?store=Mouser&id=1637442"; VariantName = "[No Variations]"
Add component (AddParameter): Name = "MP"; Value = "ES1J"; VariantName = "[No Variations]"
Add component (AddParameter): Name = "Package"; Value = "SMA-2 ON Semiconductor"; VariantName = "[No Variations]"
Add component (AddParameter): Name = "Price"; Value = "None"; VariantName = "[No Variations]"
Add component (AddParameter): Name = "SnapEDA_Link"; Value = "https://www.snapeda.com/parts/ES1J/ON%20Semiconductor/view-part/1637442/?ref=snap"; VariantName = "[No Variations]"
Add component (AddParameter): Name = "Value"; Value = ""; VariantName = "[No Variations]"
Added Component: Designator=DG1(15EDGVC-3.5-16P)
Added Component: Designator=R1(Resistor 0402)
Add component (AddParameter): Name = "Package"; Value = "0402"; VariantName = "[No Variations]"
Add component (AddParameter): Name = "Value"; Value = "10K"; VariantName = "[No Variations]"
Added Component: Designator=R2(Resistor 0402)
Add component (AddParameter): Name = "Package"; Value = "0402"; VariantName = "[No Variations]"
Add component (AddParameter): Name = "Value"; Value = "10K"; VariantName = "[No Variations]"
Added Component: Designator=R3(Resistor 0402)
Add component (AddParameter): Name = "Package"; Value = "0402"; VariantName = "[No Variations]"
Add component (AddParameter): Name = "Value"; Value = "10K"; VariantName = "[No Variations]"
Added Component: Designator=R4(Resistor 0402)
Add component (AddParameter): Name = "Package"; Value = "0402"; VariantName = "[No Variations]"
Add component (AddParameter): Name = "Value"; Value = "10K"; VariantName = "[No Variations]"
Added Component: Designator=R5(Resistor 0402)
Add component (AddParameter): Name = "Package"; Value = "0402"; VariantName = "[No Variations]"
Add component (AddParameter): Name = "Value"; Value = "NC"; VariantName = "[No Variations]"
Added Component: Designator=R6(Resistor 0402)
Add component (AddParameter): Name = "Package"; Value = "0402"; VariantName = "[No Variations]"
Add component (AddParameter): Name = "Value"; Value = "10K"; VariantName = "[No Variations]"
Added Component: Designator=R7(Resistor 0402)
Add component (AddParameter): Name = "Package"; Value = "0402"; VariantName = "[No Variations]"
Add component (AddParameter): Name = "Value"; Value = "NC"; VariantName = "[No Variations]"
Added Component: Designator=R8(Resistor 0402)
Add component (AddParameter): Name = "Package"; Value = "0402"; VariantName = "[No Variations]"
Add component (AddParameter): Name = "Value"; Value = "10K"; VariantName = "[No Variations]"
Added Component: Designator=R9(Resistor 0402)
Add component (AddParameter): Name = "Package"; Value = "0402"; VariantName = "[No Variations]"
Add component (AddParameter): Name = "Value"; Value = "3K"; VariantName = "[No Variations]"
Added Component: Designator=R10(Resistor 0402)
Add component (AddParameter): Name = "Package"; Value = "0402"; VariantName = "[No Variations]"
Add component (AddParameter): Name = "Value"; Value = "3K"; VariantName = "[No Variations]"
Added Component: Designator=R11(Resistor 0402)
Add component (AddParameter): Name = "Package"; Value = "0402"; VariantName = "[No Variations]"
Add component (AddParameter): Name = "Value"; Value = "3K"; VariantName = "[No Variations]"
Added Component: Designator=R12(Resistor 0402)
Add component (AddParameter): Name = "Package"; Value = "0402"; VariantName = "[No Variations]"
Add component (AddParameter): Name = "Value"; Value = "3K"; VariantName = "[No Variations]"
Added Component: Designator=R13(Resistor 0603)
Add component (AddParameter): Name = "Package"; Value = "0603"; VariantName = "[No Variations]"
Add component (AddParameter): Name = "Value"; Value = "33R"; VariantName = "[No Variations]"
Added Component: Designator=R14(Resistor 0402)
Add component (AddParameter): Name = "Package"; Value = "0402"; VariantName = "[No Variations]"
Add component (AddParameter): Name = "Value"; Value = "10K"; VariantName = "[No Variations]"
Added Component: Designator=R15(Resistor 0402)
Add component (AddParameter): Name = "Package"; Value = "0402"; VariantName = "[No Variations]"
Add component (AddParameter): Name = "Value"; Value = "10K"; VariantName = "[No Variations]"
Added Component: Designator=R16(Resistor 0402)
Add component (AddParameter): Name = "Package"; Value = "0402"; VariantName = "[No Variations]"
Add component (AddParameter): Name = "Value"; Value = "10K"; VariantName = "[No Variations]"
Added Component: Designator=R17(Resistor 0402)
Add component (AddParameter): Name = "Package"; Value = "0402"; VariantName = "[No Variations]"
Add component (AddParameter): Name = "Value"; Value = "10K"; VariantName = "[No Variations]"
Added Component: Designator=R18(Resistor 0402)
Add component (AddParameter): Name = "Package"; Value = "0402"; VariantName = "[No Variations]"
Add component (AddParameter): Name = "Value"; Value = "10K"; VariantName = "[No Variations]"
Added Component: Designator=R19(Resistor 0402)
Add component (AddParameter): Name = "Package"; Value = "0402"; VariantName = "[No Variations]"
Add component (AddParameter): Name = "Value"; Value = "10K"; VariantName = "[No Variations]"
Added Component: Designator=R20(Resistor 0603)
Add component (AddParameter): Name = "Package"; Value = "0603"; VariantName = "[No Variations]"
Add component (AddParameter): Name = "Value"; Value = "1,5k"; VariantName = "[No Variations]"
Added Component: Designator=R21(Resistor 0402)
Add component (AddParameter): Name = "Package"; Value = "0402"; VariantName = "[No Variations]"
Add component (AddParameter): Name = "Value"; Value = "100K"; VariantName = "[No Variations]"
Added Component: Designator=R22(Resistor 0402)
Add component (AddParameter): Name = "Package"; Value = "0402"; VariantName = "[No Variations]"
Add component (AddParameter): Name = "Value"; Value = "100K"; VariantName = "[No Variations]"
Added Component: Designator=R23(Resistor 0402)
Add component (AddParameter): Name = "Package"; Value = "0402"; VariantName = "[No Variations]"
Add component (AddParameter): Name = "Value"; Value = "100K"; VariantName = "[No Variations]"
Added Component: Designator=R24(Resistor 0402)
Add component (AddParameter): Name = "Package"; Value = "0402"; VariantName = "[No Variations]"
Add component (AddParameter): Name = "Value"; Value = "100K"; VariantName = "[No Variations]"
Added Component: Designator=R25(Resistor 0402)
Add component (AddParameter): Name = "Package"; Value = "0402"; VariantName = "[No Variations]"
Add component (AddParameter): Name = "Value"; Value = "10K"; VariantName = "[No Variations]"
Added Component: Designator=R26(Resistor 0402)
Add component (AddParameter): Name = "Package"; Value = "0402"; VariantName = "[No Variations]"
Add component (AddParameter): Name = "Value"; Value = "10K"; VariantName = "[No Variations]"
Added Component: Designator=R27(Resistor 0603)
Add component (AddParameter): Name = "Package"; Value = "0603"; VariantName = "[No Variations]"
Add component (AddParameter): Name = "Value"; Value = "33R"; VariantName = "[No Variations]"
Added Component: Designator=R28(Resistor 0603)
Add component (AddParameter): Name = "Package"; Value = "0603"; VariantName = "[No Variations]"
Add component (AddParameter): Name = "Value"; Value = "1,5k"; VariantName = "[No Variations]"
Added Component: Designator=R29(RESCHIP0603)
Add component (AddParameter): Name = "CompType"; Value = "Resistor"; VariantName = "[No Variations]"
Add component (AddParameter): Name = "Note"; Value = ""; VariantName = "[No Variations]"
Add component (AddParameter): Name = "Package"; Value = "0603"; VariantName = "[No Variations]"
Add component (AddParameter): Name = "PartNumber"; Value = ""; VariantName = "[No Variations]"
Add component (AddParameter): Name = "Pins"; Value = "2"; VariantName = "[No Variations]"
Add component (AddParameter): Name = "SnapEDA_Link"; Value = ""; VariantName = "[No Variations]"
Add component (AddParameter): Name = "Tolerance_Percent"; Value = "{Tolerance_Percent}"; VariantName = "[No Variations]"
Add component (AddParameter): Name = "Value"; Value = "4.7k"; VariantName = "[No Variations]"
Add component (AddParameter): Name = "Voltage"; Value = ""; VariantName = "[No Variations]"
Added Component: Designator=R30(RESCHIP0603)
Add component (AddParameter): Name = "CompType"; Value = "Resistor"; VariantName = "[No Variations]"
Add component (AddParameter): Name = "Note"; Value = ""; VariantName = "[No Variations]"
Add component (AddParameter): Name = "Package"; Value = "0603"; VariantName = "[No Variations]"
Add component (AddParameter): Name = "PartNumber"; Value = ""; VariantName = "[No Variations]"
Add component (AddParameter): Name = "Pins"; Value = "2"; VariantName = "[No Variations]"
Add component (AddParameter): Name = "SnapEDA_Link"; Value = ""; VariantName = "[No Variations]"
Add component (AddParameter): Name = "Tolerance_Percent"; Value = "{Tolerance_Percent}"; VariantName = "[No Variations]"
Add component (AddParameter): Name = "Value"; Value = "4.7k"; VariantName = "[No Variations]"
Add component (AddParameter): Name = "Voltage"; Value = ""; VariantName = "[No Variations]"
Added Component: Designator=R31(Resistor 0603)
Add component (AddParameter): Name = "Package"; Value = "0603"; VariantName = "[No Variations]"
Add component (AddParameter): Name = "Value"; Value = "33R"; VariantName = "[No Variations]"
Added Component: Designator=R32(Resistor 0402)
Add component (AddParameter): Name = "Package"; Value = "0402"; VariantName = "[No Variations]"
Add component (AddParameter): Name = "Value"; Value = "10K"; VariantName = "[No Variations]"
Added Component: Designator=R33(Resistor 0402)
Add component (AddParameter): Name = "Package"; Value = "0402"; VariantName = "[No Variations]"
Add component (AddParameter): Name = "Value"; Value = "10K"; VariantName = "[No Variations]"
Added Component: Designator=R34(Resistor 0603)
Add component (AddParameter): Name = "Package"; Value = "0603"; VariantName = "[No Variations]"
Add component (AddParameter): Name = "Value"; Value = "1,5k"; VariantName = "[No Variations]"
Added Component: Designator=R35(Resistor 0402)
Add component (AddParameter): Name = "Package"; Value = "0402"; VariantName = "[No Variations]"
Add component (AddParameter): Name = "Value"; Value = "10K"; VariantName = "[No Variations]"
Added Component: Designator=R36(Resistor 0402)
Add component (AddParameter): Name = "Package"; Value = "0402"; VariantName = "[No Variations]"
Add component (AddParameter): Name = "Value"; Value = "10K"; VariantName = "[No Variations]"
Added Component: Designator=R37(Resistor 0603)
Add component (AddParameter): Name = "Package"; Value = "0603"; VariantName = "[No Variations]"
Add component (AddParameter): Name = "Value"; Value = "33R"; VariantName = "[No Variations]"
Added Component: Designator=R38(Resistor 0603)
Add component (AddParameter): Name = "Package"; Value = "0603"; VariantName = "[No Variations]"
Add component (AddParameter): Name = "Value"; Value = "1,5k"; VariantName = "[No Variations]"
Added Component: Designator=R39(Resistor 0603)
Add component (AddParameter): Name = "Value"; Value = "0603 9.1k"; VariantName = "[No Variations]"
Added Component: Designator=R40(Resistor 0603)
Add component (AddParameter): Name = "Value"; Value = "0603 1k"; VariantName = "[No Variations]"
Added Component: Designator=R41(Resistor 0402)
Add component (AddParameter): Name = "Package"; Value = "0402"; VariantName = "[No Variations]"
Add component (AddParameter): Name = "Value"; Value = "10K"; VariantName = "[No Variations]"
Added Component: Designator=R42(Resistor 0603)
Add component (AddParameter): Name = "Package"; Value = "0603"; VariantName = "[No Variations]"
Add component (AddParameter): Name = "Value"; Value = "33R"; VariantName = "[No Variations]"
Added Component: Designator=R43(Resistor 0402)
Add component (AddParameter): Name = "Package"; Value = "0402"; VariantName = "[No Variations]"
Add component (AddParameter): Name = "Value"; Value = "10K"; VariantName = "[No Variations]"
Added Component: Designator=R44(Resistor 0402)
Add component (AddParameter): Name = "Package"; Value = "0402"; VariantName = "[No Variations]"
Add component (AddParameter): Name = "Value"; Value = "10K"; VariantName = "[No Variations]"
Added Component: Designator=R45(Resistor 0603)
Add component (AddParameter): Name = "Package"; Value = "0603"; VariantName = "[No Variations]"
Add component (AddParameter): Name = "Value"; Value = "1,5k"; VariantName = "[No Variations]"
Added Component: Designator=R46(Resistor 0603)
Add component (AddParameter): Name = "Value"; Value = "0603 3k"; VariantName = "[No Variations]"
Added Component: Designator=R47(Resistor 0603)
Add component (AddParameter): Name = "Value"; Value = "0603 1k"; VariantName = "[No Variations]"
Added Component: Designator=R48(Resistor 0402)
Add component (AddParameter): Name = "Package"; Value = "0402"; VariantName = "[No Variations]"
Add component (AddParameter): Name = "Value"; Value = "10K"; VariantName = "[No Variations]"
Added Component: Designator=R49(Resistor 0402)
Add component (AddParameter): Name = "Package"; Value = "0402"; VariantName = "[No Variations]"
Add component (AddParameter): Name = "Value"; Value = "10K"; VariantName = "[No Variations]"
Added Component: Designator=R50(Resistor 0402)
Add component (AddParameter): Name = "Package"; Value = "0402"; VariantName = "[No Variations]"
Add component (AddParameter): Name = "Value"; Value = "10K"; VariantName = "[No Variations]"
Added Component: Designator=R51(Resistor 0402)
Add component (AddParameter): Name = "Package"; Value = "0402"; VariantName = "[No Variations]"
Add component (AddParameter): Name = "Value"; Value = "10K"; VariantName = "[No Variations]"
Added Component: Designator=R52(Resistor 0603)
Add component (AddParameter): Name = "Package"; Value = "0603"; VariantName = "[No Variations]"
Add component (AddParameter): Name = "Value"; Value = "33R"; VariantName = "[No Variations]"
Added Component: Designator=R53(Resistor 0402)
Add component (AddParameter): Name = "Package"; Value = "0402"; VariantName = "[No Variations]"
Add component (AddParameter): Name = "Value"; Value = "10K"; VariantName = "[No Variations]"
Added Component: Designator=R54(Resistor 0402)
Add component (AddParameter): Name = "Package"; Value = "0402"; VariantName = "[No Variations]"
Add component (AddParameter): Name = "Value"; Value = "3K"; VariantName = "[No Variations]"
Added Component: Designator=R55(Resistor 0603)
Add component (AddParameter): Name = "Package"; Value = "0603"; VariantName = "[No Variations]"
Add component (AddParameter): Name = "Value"; Value = "1,5k"; VariantName = "[No Variations]"
Added Component: Designator=S1(DIP-8)
Add component (AddParameter): Name = "LatestRevisionDate"; Value = "17-Jul-2002"; VariantName = "[No Variations]"
Add component (AddParameter): Name = "LatestRevisionNote"; Value = "Re-released for DXP Platform."; VariantName = "[No Variations]"
Add component (AddParameter): Name = "PackageReference"; Value = "DIP-8"; VariantName = "[No Variations]"
Add component (AddParameter): Name = "Published"; Value = "24-Mar-1999"; VariantName = "[No Variations]"
Add component (AddParameter): Name = "Publisher"; Value = "Altium Limited"; VariantName = "[No Variations]"
Added Component: Designator=U5(SOIC127P1032X265-16N)
Add component (AddParameter): Name = "Availability"; Value = "In Stock"; VariantName = "[No Variations]"
Add component (AddParameter): Name = "Check_prices"; Value = "https://www.snapeda.com/parts/IR2110S/Infineon+Technologies/view-part/?ref=eda"; VariantName = "[No Variations]"
Add component (AddParameter): Name = "MF"; Value = "Infineon"; VariantName = "[No Variations]"
Add component (AddParameter): Name = "MP"; Value = "IR2110S"; VariantName = "[No Variations]"
Add component (AddParameter): Name = "Package"; Value = "SOIC-16 International Rectifier"; VariantName = "[No Variations]"
Add component (AddParameter): Name = "Price"; Value = "None"; VariantName = "[No Variations]"
Add component (AddParameter): Name = "Purchase-URL"; Value = "https://pricing.snapeda.com/search/part/IR2110S/?ref=eda"; VariantName = "[No Variations]"
Add component (AddParameter): Name = "SnapEDA_Link"; Value = "https://www.snapeda.com/parts/IR2110S/Infineon+Technologies/view-part/?ref=snap"; VariantName = "[No Variations]"
Add component (AddParameter): Name = "Value"; Value = ""; VariantName = "[No Variations]"
Added Component: Designator=VD1(0805-)
Add component (AddParameter): Name = "CompType"; Value = "LED"; VariantName = "[No Variations]"
Add component (AddParameter): Name = "Note"; Value = "Read"; VariantName = "[No Variations]"
Add component (AddParameter): Name = "Package"; Value = "0805"; VariantName = "[No Variations]"
Add component (AddParameter): Name = "PartNumber"; Value = ""; VariantName = "[No Variations]"
Add component (AddParameter): Name = "Pins"; Value = "2"; VariantName = "[No Variations]"
Add component (AddParameter): Name = "SnapEDA_Link"; Value = ""; VariantName = "[No Variations]"
Add component (AddParameter): Name = "Tolerance_Percent"; Value = ""; VariantName = "[No Variations]"
Add component (AddParameter): Name = "Value"; Value = "0805"; VariantName = "[No Variations]"
Add component (AddParameter): Name = "Voltage"; Value = ""; VariantName = "[No Variations]"
Added Component: Designator=VD2(0805-)
Add component (AddParameter): Name = "CompType"; Value = "LED"; VariantName = "[No Variations]"
Add component (AddParameter): Name = "Note"; Value = "Read"; VariantName = "[No Variations]"
Add component (AddParameter): Name = "Package"; Value = "0805"; VariantName = "[No Variations]"
Add component (AddParameter): Name = "PartNumber"; Value = ""; VariantName = "[No Variations]"
Add component (AddParameter): Name = "Pins"; Value = "2"; VariantName = "[No Variations]"
Add component (AddParameter): Name = "SnapEDA_Link"; Value = ""; VariantName = "[No Variations]"
Add component (AddParameter): Name = "Tolerance_Percent"; Value = ""; VariantName = "[No Variations]"
Add component (AddParameter): Name = "Value"; Value = "0805"; VariantName = "[No Variations]"
Add component (AddParameter): Name = "Voltage"; Value = ""; VariantName = "[No Variations]"
Added Component: Designator=VD3(0805-)
Add component (AddParameter): Name = "CompType"; Value = "LED"; VariantName = "[No Variations]"
Add component (AddParameter): Name = "Note"; Value = "Read"; VariantName = "[No Variations]"
Add component (AddParameter): Name = "Package"; Value = "0805"; VariantName = "[No Variations]"
Add component (AddParameter): Name = "PartNumber"; Value = ""; VariantName = "[No Variations]"
Add component (AddParameter): Name = "Pins"; Value = "2"; VariantName = "[No Variations]"
Add component (AddParameter): Name = "SnapEDA_Link"; Value = ""; VariantName = "[No Variations]"
Add component (AddParameter): Name = "Tolerance_Percent"; Value = ""; VariantName = "[No Variations]"
Add component (AddParameter): Name = "Value"; Value = "0805"; VariantName = "[No Variations]"
Add component (AddParameter): Name = "Voltage"; Value = ""; VariantName = "[No Variations]"
Added Component: Designator=VD4(0805-)
Add component (AddParameter): Name = "CompType"; Value = "LED"; VariantName = "[No Variations]"
Add component (AddParameter): Name = "Note"; Value = "Read"; VariantName = "[No Variations]"
Add component (AddParameter): Name = "Package"; Value = "0805"; VariantName = "[No Variations]"
Add component (AddParameter): Name = "PartNumber"; Value = ""; VariantName = "[No Variations]"
Add component (AddParameter): Name = "Pins"; Value = "2"; VariantName = "[No Variations]"
Add component (AddParameter): Name = "SnapEDA_Link"; Value = ""; VariantName = "[No Variations]"
Add component (AddParameter): Name = "Tolerance_Percent"; Value = ""; VariantName = "[No Variations]"
Add component (AddParameter): Name = "Value"; Value = "0805"; VariantName = "[No Variations]"
Add component (AddParameter): Name = "Voltage"; Value = ""; VariantName = "[No Variations]"
Added Component: Designator=VD5(0805-)
Add component (AddParameter): Name = "Body"; Value = "{Body}"; VariantName = "[No Variations]"
Add component (AddParameter): Name = "Class"; Value = "Ёлектронные компоненты"; VariantName = "[No Variations]"
Add component (AddParameter): Name = "Color"; Value = "{Color}"; VariantName = "[No Variations]"
Add component (AddParameter): Name = "Diameter_mm"; Value = "{Diameter_mm}"; VariantName = "[No Variations]"
Add component (AddParameter): Name = "Installation"; Value = "{Installation}"; VariantName = "[No Variations]"
Add component (AddParameter): Name = "Luminous_intensity_mcd"; Value = "{Luminous_intensity_mcd}"; VariantName = "[No Variations]"
Add component (AddParameter): Name = "Ordering_Information"; Value = "{Ordering_Information}"; VariantName = "[No Variations]"
Add component (AddParameter): Name = "Pins"; Value = "2"; VariantName = "[No Variations]"
Add component (AddParameter): Name = "Pitch_mm"; Value = "{Pitch_mm}"; VariantName = "[No Variations]"
Add component (AddParameter): Name = "SubClass"; Value = "—ветодиоды"; VariantName = "[No Variations]"
Add component (AddParameter): Name = "Value"; Value = "{Value}"; VariantName = "[No Variations]"
Added Component: Designator=VT1(SOT23)
Add component (AddParameter): Name = "Published"; Value = "17.04.2012"; VariantName = "[No Variations]"
Add component (AddParameter): Name = "Publisher"; Value = "Reukov A.V."; VariantName = "[No Variations]"
Added Component: Designator=VT2(SOT23)
Add component (AddParameter): Name = "Published"; Value = "17.04.2012"; VariantName = "[No Variations]"
Add component (AddParameter): Name = "Publisher"; Value = "Reukov A.V."; VariantName = "[No Variations]"
Added Component: Designator=VT3(SOT23)
Add component (AddParameter): Name = "Published"; Value = "17.04.2012"; VariantName = "[No Variations]"
Add component (AddParameter): Name = "Publisher"; Value = "Reukov A.V."; VariantName = "[No Variations]"
Added Component: Designator=VT4(SOT23)
Add component (AddParameter): Name = "Published"; Value = "17.04.2012"; VariantName = "[No Variations]"
Add component (AddParameter): Name = "Publisher"; Value = "Reukov A.V."; VariantName = "[No Variations]"
Added Component: Designator=VT5(SOT23)
Add component (AddParameter): Name = "Published"; Value = "17.04.2012"; VariantName = "[No Variations]"
Add component (AddParameter): Name = "Publisher"; Value = "Reukov A.V."; VariantName = "[No Variations]"
Added Component: Designator=VT6(SOT23)
Add component (AddParameter): Name = "Published"; Value = "17.04.2012"; VariantName = "[No Variations]"
Add component (AddParameter): Name = "Publisher"; Value = "Reukov A.V."; VariantName = "[No Variations]"
Added Component: Designator=X1(PLS-5-3D)
Add component (AddParameter): Name = "CompType"; Value = "connector"; VariantName = "[No Variations]"
Add component (AddParameter): Name = "Note"; Value = "header pins 2.54mm x 5"; VariantName = "[No Variations]"
Add component (AddParameter): Name = "Package"; Value = "2.54 x 5"; VariantName = "[No Variations]"
Add component (AddParameter): Name = "PartNumber"; Value = "PLS-5"; VariantName = "[No Variations]"
Add component (AddParameter): Name = "Pins"; Value = "5"; VariantName = "[No Variations]"
Add component (AddParameter): Name = "SnapEDA_Link"; Value = ""; VariantName = "[No Variations]"
Add component (AddParameter): Name = "Tolerance_Percent"; Value = ""; VariantName = "[No Variations]"
Add component (AddParameter): Name = "Value"; Value = ""; VariantName = "[No Variations]"
Add component (AddParameter): Name = "Voltage"; Value = ""; VariantName = "[No Variations]"
Added Component: Designator=X2(PLS-5-3D)
Add component (AddParameter): Name = "CompType"; Value = "connector"; VariantName = "[No Variations]"
Add component (AddParameter): Name = "Note"; Value = "header pins 2.54mm x 5"; VariantName = "[No Variations]"
Add component (AddParameter): Name = "Package"; Value = "2.54 x 5"; VariantName = "[No Variations]"
Add component (AddParameter): Name = "PartNumber"; Value = "PLS-5"; VariantName = "[No Variations]"
Add component (AddParameter): Name = "Pins"; Value = "5"; VariantName = "[No Variations]"
Add component (AddParameter): Name = "SnapEDA_Link"; Value = ""; VariantName = "[No Variations]"
Add component (AddParameter): Name = "Tolerance_Percent"; Value = ""; VariantName = "[No Variations]"
Add component (AddParameter): Name = "Value"; Value = ""; VariantName = "[No Variations]"
Add component (AddParameter): Name = "Voltage"; Value = ""; VariantName = "[No Variations]"
Added Pin To Net: NetName=+3.3v Pin=C1-1
Added Pin To Net: NetName=GND Pin=C1-2
Added Pin To Net: NetName=+3.3v Pin=C2-1
Added Pin To Net: NetName=GND Pin=C2-2
Added Pin To Net: NetName=+3.3v Pin=C3-1
Added Pin To Net: NetName=GND Pin=C3-2
Added Pin To Net: NetName=+3.3v Pin=C4-1
Added Pin To Net: NetName=GND Pin=C4-2
Added Pin To Net: NetName=GND Pin=C5-1
Added Pin To Net: NetName=M1_NRST Pin=C5-2
Added Pin To Net: NetName=GND Pin=C6-1
Added Pin To Net: NetName=+5v Pin=C7-1
Added Pin To Net: NetName=GND Pin=C7-2
Added Pin To Net: NetName=+5v Pin=C8-1
Added Pin To Net: NetName=GND Pin=C8-2
Added Pin To Net: NetName=+5v Pin=C9-1
Added Pin To Net: NetName=GND Pin=C9-2
Added Pin To Net: NetName=+5v Pin=C10-1
Added Pin To Net: NetName=GND Pin=C10-2
Added Pin To Net: NetName=GND Pin=C11-1
Added Pin To Net: NetName=+3.3v Pin=C11-2
Added Pin To Net: NetName=V_24pwr Pin=C12-1
Added Pin To Net: NetName=GND Pin=C12-2
Added Pin To Net: NetName=+12v Pin=C15-1
Added Pin To Net: NetName=GND Pin=C15-2
Added Pin To Net: NetName=+5v Pin=C16-1
Added Pin To Net: NetName=GND Pin=C16-2
Added Pin To Net: NetName=+5v Pin=C17-1
Added Pin To Net: NetName=GND Pin=C17-2
Added Pin To Net: NetName=V_24pwr Pin=C19-1
Added Pin To Net: NetName=GND Pin=C19-2
Added Pin To Net: NetName=+5v Pin=C21-1
Added Pin To Net: NetName=GND Pin=C21-2
Added Pin To Net: NetName=OUT1 Pin=D1-A
Added Pin To Net: NetName=NetD2_A Pin=D2-A
Added Pin To Net: NetName=NetD2_K Pin=D2-K
Added Pin To Net: NetName=NetD4_A Pin=D4-A
Added Pin To Net: NetName=NetD4_K Pin=D4-K
Added Pin To Net: NetName=+24v Pin=DG1-1
Added Pin To Net: NetName=GND Pin=DG1-2
Added Pin To Net: NetName=OUT1 Pin=DG2-9
Added Pin To Net: NetName=GND Pin=DG2-15
Added Pin To Net: NetName=GND Pin=DG2-16
Added Pin To Net: NetName=NetD2_A Pin=Q1-1
Added Pin To Net: NetName=NetD4_A Pin=Q2-1
Added Pin To Net: NetName=+3.3v Pin=R1-2
Added Pin To Net: NetName=M1_NRST Pin=R2-1
Added Pin To Net: NetName=+3.3v Pin=R2-2
Added Pin To Net: NetName=+3.3v Pin=R3-2
Added Pin To Net: NetName=GND Pin=R4-2
Added Pin To Net: NetName=+3.3v Pin=R5-2
Added Pin To Net: NetName=GND Pin=R6-2
Added Pin To Net: NetName=GND Pin=R7-1
Added Pin To Net: NetName=GND Pin=R8-1
Added Pin To Net: NetName=NetR9_2 Pin=R9-2
Added Pin To Net: NetName=NetR10_2 Pin=R10-2
Added Pin To Net: NetName=NetD2_K Pin=R13-1
Added Pin To Net: NetName=NetD2_A Pin=R13-2
Added Pin To Net: NetName=+3.3v Pin=R14-1
Added Pin To Net: NetName=NetR14_2 Pin=R14-2
Added Pin To Net: NetName=+3.3v Pin=R15-1
Added Pin To Net: NetName=+3.3v Pin=R16-1
Added Pin To Net: NetName=+3.3v Pin=R17-1
Added Pin To Net: NetName=+5v Pin=R18-1
Added Pin To Net: NetName=+3.3v Pin=R19-1
Added Pin To Net: NetName=NetD2_A Pin=R20-1
Added Pin To Net: NetName=GND Pin=R20-2
Added Pin To Net: NetName=GND Pin=R21-2
Added Pin To Net: NetName=GND Pin=R22-2
Added Pin To Net: NetName=GND Pin=R23-2
Added Pin To Net: NetName=GND Pin=R24-2
Added Pin To Net: NetName=+5v Pin=R25-1
Added Pin To Net: NetName=NetR25_2 Pin=R25-2
Added Pin To Net: NetName=+3.3v Pin=R26-1
Added Pin To Net: NetName=NetD4_K Pin=R27-1
Added Pin To Net: NetName=NetD4_A Pin=R27-2
Added Pin To Net: NetName=NetD4_A Pin=R28-1
Added Pin To Net: NetName=GND Pin=R28-2
Added Pin To Net: NetName=I2C_CLK Pin=R29-1
Added Pin To Net: NetName=+3.3v Pin=R29-2
Added Pin To Net: NetName=I2C_DATA Pin=R30-1
Added Pin To Net: NetName=+3.3v Pin=R30-2
Added Pin To Net: NetName=+5v Pin=R32-1
Added Pin To Net: NetName=+3.3v Pin=R33-1
Added Pin To Net: NetName=GND Pin=R34-2
Added Pin To Net: NetName=+5v Pin=R35-1
Added Pin To Net: NetName=NetR35_2 Pin=R35-2
Added Pin To Net: NetName=+3.3v Pin=R36-1
Added Pin To Net: NetName=GND Pin=R38-2
Added Pin To Net: NetName=NetDD1_4 Pin=R39-1
Added Pin To Net: NetName=+12v Pin=R39-2
Added Pin To Net: NetName=NetDD1_4 Pin=R40-1
Added Pin To Net: NetName=GND Pin=R40-2
Added Pin To Net: NetName=GND Pin=R41-1
Added Pin To Net: NetName=NetR41_2 Pin=R41-2
Added Pin To Net: NetName=+5v Pin=R43-1
Added Pin To Net: NetName=+3.3v Pin=R44-1
Added Pin To Net: NetName=GND Pin=R45-2
Added Pin To Net: NetName=NetDD2_4 Pin=R46-1
Added Pin To Net: NetName=+5v Pin=R46-2
Added Pin To Net: NetName=NetDD2_4 Pin=R47-1
Added Pin To Net: NetName=GND Pin=R47-2
Added Pin To Net: NetName=+5v Pin=R48-1
Added Pin To Net: NetName=+12v Pin=R49-1
Added Pin To Net: NetName=+5v Pin=R50-1
Added Pin To Net: NetName=+3.3v Pin=R51-1
Added Pin To Net: NetName=GND Pin=R53-1
Added Pin To Net: NetName=GND Pin=R54-1
Added Pin To Net: NetName=GND Pin=R55-2
Added Pin To Net: NetName=NetR14_2 Pin=S1-8
Added Pin To Net: NetName=+3.3v Pin=U1-5
Added Pin To Net: NetName=GND Pin=U1-15
Added Pin To Net: NetName=+3.3v Pin=U1-16
Added Pin To Net: NetName=I2C_CLK Pin=U1-17
Added Pin To Net: NetName=I2C_DATA Pin=U1-18
Added Pin To Net: NetName=NetD2_K Pin=U3-1
Added Pin To Net: NetName=GND Pin=U3-2
Added Pin To Net: NetName=+12v Pin=U3-7
Added Pin To Net: NetName=NetD4_K Pin=U3-8
Added Pin To Net: NetName=NetR25_2 Pin=U3-12
Added Pin To Net: NetName=GND Pin=U3-13
Added Pin To Net: NetName=GND Pin=U3-15
Added Pin To Net: NetName=GND Pin=U4-2
Added Pin To Net: NetName=+12v Pin=U4-7
Added Pin To Net: NetName=NetR35_2 Pin=U4-12
Added Pin To Net: NetName=GND Pin=U4-13
Added Pin To Net: NetName=GND Pin=U4-15
Added Pin To Net: NetName=GND Pin=U5-2
Added Pin To Net: NetName=+12v Pin=U5-3
Added Pin To Net: NetName=+12v Pin=U5-6
Added Pin To Net: NetName=+12v Pin=U5-7
Added Pin To Net: NetName=+5v Pin=U5-11
Added Pin To Net: NetName=GND Pin=U5-13
Added Pin To Net: NetName=GND Pin=U5-15
Added Pin To Net: NetName=NetR9_2 Pin=VD1-A
Added Pin To Net: NetName=GND Pin=VD1-K
Added Pin To Net: NetName=NetR10_2 Pin=VD2-A
Added Pin To Net: NetName=GND Pin=VD2-K
Added Pin To Net: NetName=GND Pin=VD3-K
Added Pin To Net: NetName=GND Pin=VD4-K
Added Pin To Net: NetName=NetR41_2 Pin=VD5-A
Added Pin To Net: NetName=+24v Pin=VD5-K
Added Pin To Net: NetName=+3.3v Pin=VT1-1
Added Pin To Net: NetName=+3.3v Pin=VT2-1
Added Pin To Net: NetName=NetR25_2 Pin=VT2-3
Added Pin To Net: NetName=+3.3v Pin=VT3-1
Added Pin To Net: NetName=+3.3v Pin=VT4-1
Added Pin To Net: NetName=NetR35_2 Pin=VT4-3
Added Pin To Net: NetName=+3.3v Pin=VT5-1
Added Pin To Net: NetName=+3.3v Pin=VT6-1
Added Pin To Net: NetName=GND Pin=X1-3
Added Pin To Net: NetName=+3.3v Pin=X1-5
Added Pin To Net: NetName=M1_NRST Pin=X2-1
Added Pin To Net: NetName=M1_SWDIO Pin=X2-2
Added Pin To Net: NetName=GND Pin=X2-3
Added Pin To Net: NetName=M1_SWCLK Pin=X2-4
Added Pin To Net: NetName=+3.3v Pin=X2-5
Change Net Name : Old Net Name=NetD6_C New Net Name=NetD9_C
Change Net Name : Old Net Name=NetD8_C New Net Name=NetD12_C
Added Pin To Net: NetName=A1 Pin=R21-1
Added Pin To Net: NetName=A1 Pin=S1-1
Added Pin To Net: NetName=A1 Pin=U1-7
Added Pin To Net: NetName=A1 Pin=U2-7
Added Net: Name=A1
Added Pin To Net: NetName=A2 Pin=R22-1
Added Pin To Net: NetName=A2 Pin=S1-2
Added Pin To Net: NetName=A2 Pin=U1-8
Added Pin To Net: NetName=A2 Pin=U2-8
Added Net: Name=A2
Added Pin To Net: NetName=A3 Pin=R23-1
Added Pin To Net: NetName=A3 Pin=S1-3
Added Pin To Net: NetName=A3 Pin=U1-9
Added Pin To Net: NetName=A3 Pin=U2-9
Added Net: Name=A3
Added Pin To Net: NetName=A4 Pin=R24-1
Added Pin To Net: NetName=A4 Pin=S1-4
Added Pin To Net: NetName=A4 Pin=U1-10
Added Pin To Net: NetName=A4 Pin=U2-10
Added Net: Name=A4
Added Pin To Net: NetName=ADC1 Pin=R48-2
Added Pin To Net: NetName=ADC1 Pin=R53-2
Added Pin To Net: NetName=ADC1 Pin=U1-6
Added Net: Name=ADC1
Added Pin To Net: NetName=ADC Pin=R49-2
Added Pin To Net: NetName=ADC Pin=R54-2
Added Pin To Net: NetName=ADC Pin=U2-6
Added Net: Name=ADC
Added Pin To Net: NetName=CH1 Pin=R19-2
Added Pin To Net: NetName=CH1 Pin=U2-12
Added Pin To Net: NetName=CH1 Pin=VT1-2
Added Net: Name=CH1
Added Pin To Net: NetName=CH2 Pin=R26-2
Added Pin To Net: NetName=CH2 Pin=U2-13
Added Pin To Net: NetName=CH2 Pin=VT2-2
Added Net: Name=CH2
Added Pin To Net: NetName=CH3 Pin=R33-2
Added Pin To Net: NetName=CH3 Pin=U2-14
Added Pin To Net: NetName=CH3 Pin=VT3-2
Added Net: Name=CH3
Added Pin To Net: NetName=CH4 Pin=R36-2
Added Pin To Net: NetName=CH4 Pin=U1-12
Added Pin To Net: NetName=CH4 Pin=VT4-2
Added Net: Name=CH4
Added Pin To Net: NetName=CH5 Pin=R44-2
Added Pin To Net: NetName=CH5 Pin=U1-13
Added Pin To Net: NetName=CH5 Pin=VT5-2
Added Net: Name=CH5
Added Pin To Net: NetName=CH6 Pin=R51-2
Added Pin To Net: NetName=CH6 Pin=U1-14
Added Pin To Net: NetName=CH6 Pin=VT6-2
Added Net: Name=CH6
Added Pin To Net: NetName=M1_A0 Pin=R5-1
Added Pin To Net: NetName=M1_A0 Pin=R8-2
Added Pin To Net: NetName=M1_A0 Pin=U2-3
Added Net: Name=M1_A0
Added Pin To Net: NetName=M1_LED1 Pin=R12-1
Added Pin To Net: NetName=M1_LED1 Pin=U2-11
Added Net: Name=M1_LED1
Added Pin To Net: NetName=M1_LED Pin=R10-1
Added Pin To Net: NetName=M1_LED Pin=U2-2
Added Net: Name=M1_LED
Added Pin To Net: NetName=M2_A0 Pin=R3-1
Added Pin To Net: NetName=M2_A0 Pin=R7-2
Added Pin To Net: NetName=M2_A0 Pin=U1-3
Added Net: Name=M2_A0
Added Pin To Net: NetName=M2_LED1 Pin=R11-1
Added Pin To Net: NetName=M2_LED1 Pin=U1-11
Added Net: Name=M2_LED1
Added Pin To Net: NetName=M2_LED Pin=R9-1
Added Pin To Net: NetName=M2_LED Pin=U1-2
Added Net: Name=M2_LED
Added Pin To Net: NetName=M2_NRST Pin=C6-2
Added Pin To Net: NetName=M2_NRST Pin=R1-1
Added Pin To Net: NetName=M2_NRST Pin=U1-4
Added Pin To Net: NetName=M2_NRST Pin=X1-1
Added Net: Name=M2_NRST
Added Pin To Net: NetName=M2_SWCLK Pin=U1-20
Added Pin To Net: NetName=M2_SWCLK Pin=X1-4
Added Net: Name=M2_SWCLK
Added Pin To Net: NetName=M2_SWDIO Pin=U1-19
Added Pin To Net: NetName=M2_SWDIO Pin=X1-2
Added Net: Name=M2_SWDIO
Added Pin To Net: NetName=NetD6_A Pin=D6-A
Added Pin To Net: NetName=NetD6_A Pin=Q3-1
Added Pin To Net: NetName=NetD6_A Pin=R31-2
Added Pin To Net: NetName=NetD6_A Pin=R34-1
Added Net: Name=NetD6_A
Added Pin To Net: NetName=NetD6_K Pin=D6-K
Added Pin To Net: NetName=NetD6_K Pin=R31-1
Added Pin To Net: NetName=NetD6_K Pin=U4-1
Added Net: Name=NetD6_K
Added Pin To Net: NetName=NetD8_A Pin=D8-A
Added Pin To Net: NetName=NetD8_A Pin=Q4-1
Added Pin To Net: NetName=NetD8_A Pin=R37-2
Added Pin To Net: NetName=NetD8_A Pin=R38-1
Added Net: Name=NetD8_A
Added Pin To Net: NetName=NetD8_K Pin=D8-K
Added Pin To Net: NetName=NetD8_K Pin=R37-1
Added Pin To Net: NetName=NetD8_K Pin=U4-8
Added Net: Name=NetD8_K
Added Pin To Net: NetName=NetD11_A Pin=D11-A
Added Pin To Net: NetName=NetD11_A Pin=Q5-1
Added Pin To Net: NetName=NetD11_A Pin=R42-2
Added Pin To Net: NetName=NetD11_A Pin=R45-1
Added Net: Name=NetD11_A
Added Pin To Net: NetName=NetD11_K Pin=D11-K
Added Pin To Net: NetName=NetD11_K Pin=R42-1
Added Pin To Net: NetName=NetD11_K Pin=U5-1
Added Net: Name=NetD11_K
Added Pin To Net: NetName=NetD14_A Pin=D14-A
Added Pin To Net: NetName=NetD14_A Pin=Q6-1
Added Pin To Net: NetName=NetD14_A Pin=R52-2
Added Pin To Net: NetName=NetD14_A Pin=R55-1
Added Net: Name=NetD14_A
Added Pin To Net: NetName=NetD14_K Pin=D14-K
Added Pin To Net: NetName=NetD14_K Pin=R52-1
Added Pin To Net: NetName=NetD14_K Pin=U5-8
Added Net: Name=NetD14_K
Added Pin To Net: NetName=NetR4_1 Pin=R4-1
Added Pin To Net: NetName=NetR4_1 Pin=U1-1
Added Net: Name=NetR4_1
Added Pin To Net: NetName=NetR6_1 Pin=R6-1
Added Pin To Net: NetName=NetR6_1 Pin=U2-1
Added Net: Name=NetR6_1
Added Pin To Net: NetName=NetR11_2 Pin=R11-2
Added Pin To Net: NetName=NetR11_2 Pin=VD3-A
Added Net: Name=NetR11_2
Added Pin To Net: NetName=NetR12_2 Pin=R12-2
Added Pin To Net: NetName=NetR12_2 Pin=VD4-A
Added Net: Name=NetR12_2
Added Pin To Net: NetName=NetR15_2 Pin=R15-2
Added Pin To Net: NetName=NetR15_2 Pin=S1-7
Added Net: Name=NetR15_2
Added Pin To Net: NetName=NetR16_2 Pin=R16-2
Added Pin To Net: NetName=NetR16_2 Pin=S1-6
Added Net: Name=NetR16_2
Added Pin To Net: NetName=NetR17_2 Pin=R17-2
Added Pin To Net: NetName=NetR17_2 Pin=S1-5
Added Net: Name=NetR17_2
Added Pin To Net: NetName=NetR18_2 Pin=R18-2
Added Pin To Net: NetName=NetR18_2 Pin=U3-14
Added Pin To Net: NetName=NetR18_2 Pin=VT1-3
Added Net: Name=NetR18_2
Added Pin To Net: NetName=NetR32_2 Pin=R32-2
Added Pin To Net: NetName=NetR32_2 Pin=U4-14
Added Pin To Net: NetName=NetR32_2 Pin=VT3-3
Added Net: Name=NetR32_2
Added Pin To Net: NetName=NetR43_2 Pin=R43-2
Added Pin To Net: NetName=NetR43_2 Pin=U5-14
Added Pin To Net: NetName=NetR43_2 Pin=VT5-3
Added Net: Name=NetR43_2
Added Pin To Net: NetName=NetR50_2 Pin=R50-2
Added Pin To Net: NetName=NetR50_2 Pin=U5-12
Added Pin To Net: NetName=NetR50_2 Pin=VT6-3
Added Net: Name=NetR50_2
Added Pin To Net: NetName=OUT2 Pin=D3-A
Added Pin To Net: NetName=OUT2 Pin=DG2-10
Added Pin To Net: NetName=OUT2 Pin=Q2-2
Added Net: Name=OUT2
Added Pin To Net: NetName=OUT3 Pin=D5-A
Added Pin To Net: NetName=OUT3 Pin=DG2-11
Added Pin To Net: NetName=OUT3 Pin=Q3-2
Added Net: Name=OUT3
Added Pin To Net: NetName=OUT4 Pin=D7-A
Added Pin To Net: NetName=OUT4 Pin=DG2-12
Added Pin To Net: NetName=OUT4 Pin=Q4-2
Added Net: Name=OUT4
Added Pin To Net: NetName=OUT5 Pin=D10-A
Added Pin To Net: NetName=OUT5 Pin=DG2-13
Added Pin To Net: NetName=OUT5 Pin=Q5-2
Added Net: Name=OUT5
Added Pin To Net: NetName=OUT6 Pin=D13-A
Added Pin To Net: NetName=OUT6 Pin=DG2-14
Added Pin To Net: NetName=OUT6 Pin=Q6-2
Added Net: Name=OUT6
Added Pin To Net: NetName=PWR Pin=D1-C
Added Pin To Net: NetName=PWR Pin=D3-C
Added Pin To Net: NetName=PWR Pin=D5-C
Added Pin To Net: NetName=PWR Pin=D7-C
Added Pin To Net: NetName=PWR Pin=D10-C
Added Pin To Net: NetName=PWR Pin=D13-C
Added Pin To Net: NetName=PWR Pin=DG2-1
Added Pin To Net: NetName=PWR Pin=DG2-2
Added Pin To Net: NetName=PWR Pin=DG2-3
Added Pin To Net: NetName=PWR Pin=DG2-4
Added Pin To Net: NetName=PWR Pin=DG2-5
Added Pin To Net: NetName=PWR Pin=DG2-6
Added Pin To Net: NetName=PWR Pin=DG2-7
Added Pin To Net: NetName=PWR Pin=DG2-8
Added Net: Name=PWR
Added Member To Class: ClassName=PWR_Switch_PCB Member=Component C1 0.1 uF
Added Member To Class: ClassName=PWR_Switch_PCB Member=Component C2 0.1 uF
Added Member To Class: ClassName=PWR_Switch_PCB Member=Component C3 0.1 uF
Added Member To Class: ClassName=PWR_Switch_PCB Member=Component C4 0.1 uF
Added Member To Class: ClassName=PWR_Switch_PCB Member=Component C5 0.1 uF
Added Member To Class: ClassName=PWR_Switch_PCB Member=Component C6 0.1 uF
Added Member To Class: ClassName=PWR_Switch_PCB Member=Component C8 {Value}
Added Member To Class: ClassName=PWR_Switch_PCB Member=Component C9 0.1 uF
Added Member To Class: ClassName=PWR_Switch_PCB Member=Component C10 {Value}
Added Member To Class: ClassName=PWR_Switch_PCB Member=Component C14 220uF 50v
Added Member To Class: ClassName=PWR_Switch_PCB Member=Component C15 EEEFK1V471SV
Added Member To Class: ClassName=PWR_Switch_PCB Member=Component C16 0.1 uF
Added Member To Class: ClassName=PWR_Switch_PCB Member=Component C17 {Value}
Added Member To Class: ClassName=PWR_Switch_PCB Member=Component C18 220uF 50v
Added Member To Class: ClassName=PWR_Switch_PCB Member=Component C19 EEEFK1V471SV
Added Member To Class: ClassName=PWR_Switch_PCB Member=Component C20 220uF 50v
Added Member To Class: ClassName=PWR_Switch_PCB Member=Component C21 EEEFK1V471SV
Added Member To Class: ClassName=PWR_Switch_PCB Member=Component D1 MBRS540T3G
Added Member To Class: ClassName=PWR_Switch_PCB Member=Component D2 ES1J
Added Member To Class: ClassName=PWR_Switch_PCB Member=Component D3 MBRS540T3G
Added Member To Class: ClassName=PWR_Switch_PCB Member=Component D4 ES1J
Added Member To Class: ClassName=PWR_Switch_PCB Member=Component D5 MBRS540T3G
Added Member To Class: ClassName=PWR_Switch_PCB Member=Component D7 MBRS540T3G
Added Member To Class: ClassName=PWR_Switch_PCB Member=Component D9 MBRS540T3G
Added Member To Class: ClassName=PWR_Switch_PCB Member=Component D10 MBRS540T3G
Added Member To Class: ClassName=PWR_Switch_PCB Member=Component D11 ES1J
Added Member To Class: ClassName=PWR_Switch_PCB Member=Component D12 MBRS540T3G
Added Member To Class: ClassName=PWR_Switch_PCB Member=Component D13 MBRS540T3G
Added Member To Class: ClassName=PWR_Switch_PCB Member=Component D14 ES1J
Added Member To Class: ClassName=PWR_Switch_PCB Member=Component DG2 15EDGVC-3.5-16P
Added Member To Class: ClassName=PWR_Switch_PCB Member=Component R1 10K
Added Member To Class: ClassName=PWR_Switch_PCB Member=Component R2 10K
Added Member To Class: ClassName=PWR_Switch_PCB Member=Component R3 10K
Added Member To Class: ClassName=PWR_Switch_PCB Member=Component R4 10K
Added Member To Class: ClassName=PWR_Switch_PCB Member=Component R5 NC
Added Member To Class: ClassName=PWR_Switch_PCB Member=Component R6 10K
Added Member To Class: ClassName=PWR_Switch_PCB Member=Component R7 NC
Added Member To Class: ClassName=PWR_Switch_PCB Member=Component R8 10K
Added Member To Class: ClassName=PWR_Switch_PCB Member=Component R9 3K
Added Member To Class: ClassName=PWR_Switch_PCB Member=Component R10 3K
Added Member To Class: ClassName=PWR_Switch_PCB Member=Component R11 3K
Added Member To Class: ClassName=PWR_Switch_PCB Member=Component R12 3K
Added Member To Class: ClassName=PWR_Switch_PCB Member=Component R13 33R
Added Member To Class: ClassName=PWR_Switch_PCB Member=Component R14 10K
Added Member To Class: ClassName=PWR_Switch_PCB Member=Component R15 10K
Added Member To Class: ClassName=PWR_Switch_PCB Member=Component R16 10K
Added Member To Class: ClassName=PWR_Switch_PCB Member=Component R17 10K
Added Member To Class: ClassName=PWR_Switch_PCB Member=Component R18 10K
Added Member To Class: ClassName=PWR_Switch_PCB Member=Component R19 10K
Added Member To Class: ClassName=PWR_Switch_PCB Member=Component R20 1,5k
Added Member To Class: ClassName=PWR_Switch_PCB Member=Component R21 100K
Added Member To Class: ClassName=PWR_Switch_PCB Member=Component R22 100K
Added Member To Class: ClassName=PWR_Switch_PCB Member=Component R23 100K
Added Member To Class: ClassName=PWR_Switch_PCB Member=Component R24 100K
Added Member To Class: ClassName=PWR_Switch_PCB Member=Component R25 10K
Added Member To Class: ClassName=PWR_Switch_PCB Member=Component R26 10K
Added Member To Class: ClassName=PWR_Switch_PCB Member=Component R27 33R
Added Member To Class: ClassName=PWR_Switch_PCB Member=Component R28 1,5k
Added Member To Class: ClassName=PWR_Switch_PCB Member=Component R29 4.7k
Added Member To Class: ClassName=PWR_Switch_PCB Member=Component R30 4.7k
Added Member To Class: ClassName=PWR_Switch_PCB Member=Component R31 33R
Added Member To Class: ClassName=PWR_Switch_PCB Member=Component R32 10K
Added Member To Class: ClassName=PWR_Switch_PCB Member=Component R33 10K
Added Member To Class: ClassName=PWR_Switch_PCB Member=Component R34 1,5k
Added Member To Class: ClassName=PWR_Switch_PCB Member=Component R35 10K
Added Member To Class: ClassName=PWR_Switch_PCB Member=Component R36 10K
Added Member To Class: ClassName=PWR_Switch_PCB Member=Component R37 33R
Added Member To Class: ClassName=PWR_Switch_PCB Member=Component R38 1,5k
Added Member To Class: ClassName=PWR_Switch_PCB Member=Component R39 0603 9.1k
Added Member To Class: ClassName=PWR_Switch_PCB Member=Component R40 0603 1k
Added Member To Class: ClassName=PWR_Switch_PCB Member=Component R41 10K
Added Member To Class: ClassName=PWR_Switch_PCB Member=Component R42 33R
Added Member To Class: ClassName=PWR_Switch_PCB Member=Component R43 10K
Added Member To Class: ClassName=PWR_Switch_PCB Member=Component R44 10K
Added Member To Class: ClassName=PWR_Switch_PCB Member=Component R45 1,5k
Added Member To Class: ClassName=PWR_Switch_PCB Member=Component R46 0603 3k
Added Member To Class: ClassName=PWR_Switch_PCB Member=Component R47 0603 1k
Added Member To Class: ClassName=PWR_Switch_PCB Member=Component R48 10K
Added Member To Class: ClassName=PWR_Switch_PCB Member=Component R49 10K
Added Member To Class: ClassName=PWR_Switch_PCB Member=Component R50 10K
Added Member To Class: ClassName=PWR_Switch_PCB Member=Component R51 10K
Added Member To Class: ClassName=PWR_Switch_PCB Member=Component R52 33R
Added Member To Class: ClassName=PWR_Switch_PCB Member=Component R53 10K
Added Member To Class: ClassName=PWR_Switch_PCB Member=Component R54 3K
Added Member To Class: ClassName=PWR_Switch_PCB Member=Component R55 1,5k
Added Member To Class: ClassName=PWR_Switch_PCB Member=Component S1 SW-DIP4
Added Member To Class: ClassName=PWR_Switch_PCB Member=Component U5 IR2110S
Added Member To Class: ClassName=PWR_Switch_PCB Member=Component VD1
Added Member To Class: ClassName=PWR_Switch_PCB Member=Component VD2
Added Member To Class: ClassName=PWR_Switch_PCB Member=Component VD3
Added Member To Class: ClassName=PWR_Switch_PCB Member=Component VD4
Added Member To Class: ClassName=PWR_Switch_PCB Member=Component VD5 one color
Added Member To Class: ClassName=PWR_Switch_PCB Member=Component VT1 NMOS GSD
Added Member To Class: ClassName=PWR_Switch_PCB Member=Component VT2 NMOS GSD
Added Member To Class: ClassName=PWR_Switch_PCB Member=Component VT3 NMOS GSD
Added Member To Class: ClassName=PWR_Switch_PCB Member=Component VT4 NMOS GSD
Added Member To Class: ClassName=PWR_Switch_PCB Member=Component VT5 NMOS GSD
Added Member To Class: ClassName=PWR_Switch_PCB Member=Component VT6 NMOS GSD
Added Member To Class: ClassName=PWR_Switch_PCB Member=Component X1
Added Member To Class: ClassName=PWR_Switch_PCB Member=Component X2
