Removed Pin From Net: NetName=GND Pin=C2_ch1-2
Removed Pin From Net: NetName=GND Pin=C2_ch2-2
Removed Pin From Net: NetName=GND Pin=C2_ch3-2
Removed Pin From Net: NetName=GND Pin=C2_ch4-2
Removed Pin From Net: NetName=GND Pin=C2_ch5-2
Removed Pin From Net: NetName=GND Pin=C2_ch6-2
Removed Pin From Net: NetName=GND Pin=C3_ch1-1
Removed Pin From Net: NetName=+24v Pin=C3_ch1-2
Removed Pin From Net: NetName=GND Pin=C3_ch2-1
Removed Pin From Net: NetName=+24v Pin=C3_ch2-2
Removed Pin From Net: NetName=GND Pin=C3_ch3-1
Removed Pin From Net: NetName=+24v Pin=C3_ch3-2
Removed Pin From Net: NetName=GND Pin=C3_ch4-1
Removed Pin From Net: NetName=+24v Pin=C3_ch4-2
Removed Pin From Net: NetName=GND Pin=C3_ch5-1
Removed Pin From Net: NetName=+24v Pin=C3_ch5-2
Removed Pin From Net: NetName=GND Pin=C3_ch6-1
Removed Pin From Net: NetName=+24v Pin=C3_ch6-2
Removed Pin From Net: NetName=GND Pin=C4_ch1-1
Removed Pin From Net: NetName=+24v Pin=C4_ch1-2
Removed Pin From Net: NetName=GND Pin=C4_ch2-1
Removed Pin From Net: NetName=+24v Pin=C4_ch2-2
Removed Pin From Net: NetName=GND Pin=C4_ch3-1
Removed Pin From Net: NetName=+24v Pin=C4_ch3-2
Removed Pin From Net: NetName=GND Pin=C4_ch4-1
Removed Pin From Net: NetName=+24v Pin=C4_ch4-2
Removed Pin From Net: NetName=GND Pin=C4_ch5-1
Removed Pin From Net: NetName=+24v Pin=C4_ch5-2
Removed Pin From Net: NetName=GND Pin=C4_ch6-1
Removed Pin From Net: NetName=+24v Pin=C4_ch6-2
Removed Pin From Net: NetName=GND Pin=C7_ch1-2
Removed Pin From Net: NetName=GND Pin=C7_ch2-2
Removed Pin From Net: NetName=GND Pin=C7_ch3-2
Removed Pin From Net: NetName=GND Pin=C7_ch4-2
Removed Pin From Net: NetName=GND Pin=C7_ch5-2
Removed Pin From Net: NetName=GND Pin=C7_ch6-2
Removed Pin From Net: NetName=+3.3v Pin=C11-1
Removed Pin From Net: NetName=+3.3v Pin=C12-1
Removed Pin From Net: NetName=GND Pin=C13-1
Removed Pin From Net: NetName=+24v Pin=D1_ch1-C
Removed Pin From Net: NetName=+24v Pin=D1_ch2-C
Removed Pin From Net: NetName=+24v Pin=D1_ch3-C
Removed Pin From Net: NetName=+24v Pin=D1_ch4-C
Removed Pin From Net: NetName=+24v Pin=D1_ch5-C
Removed Pin From Net: NetName=+24v Pin=D1_ch6-C
Removed Pin From Net: NetName=GND Pin=D2_ch1-A
Removed Pin From Net: NetName=GND Pin=D2_ch2-A
Removed Pin From Net: NetName=GND Pin=D2_ch3-A
Removed Pin From Net: NetName=GND Pin=D2_ch4-A
Removed Pin From Net: NetName=GND Pin=D2_ch5-A
Removed Pin From Net: NetName=GND Pin=D2_ch6-A
Removed Pin From Net: NetName=+24v Pin=DG1-1
Removed Pin From Net: NetName=GND Pin=DG1-2
Removed Pin From Net: NetName=+24v Pin=DG1-15
Removed Pin From Net: NetName=GND Pin=DG1-16
Removed Pin From Net: NetName=GND Pin=Q1_ch1-2
Removed Pin From Net: NetName=GND Pin=Q1_ch2-2
Removed Pin From Net: NetName=GND Pin=Q1_ch3-2
Removed Pin From Net: NetName=GND Pin=Q1_ch4-2
Removed Pin From Net: NetName=GND Pin=Q1_ch5-2
Removed Pin From Net: NetName=GND Pin=Q1_ch6-2
Removed Pin From Net: NetName=+24v Pin=R2_ch1-2
Removed Pin From Net: NetName=+24v Pin=R2_ch2-2
Removed Pin From Net: NetName=+24v Pin=R2_ch3-2
Removed Pin From Net: NetName=+24v Pin=R2_ch4-2
Removed Pin From Net: NetName=+24v Pin=R2_ch5-2
Removed Pin From Net: NetName=+24v Pin=R2_ch6-2
Removed Pin From Net: NetName=M1_A2_PWM_CH1 Pin=R3_ch1-2
Removed Pin From Net: NetName=M1_A1_PWM_CH2 Pin=R3_ch2-2
Removed Pin From Net: NetName=M1_A0_PWM_CH4 Pin=R3_ch3-2
Removed Pin From Net: NetName=GND Pin=R5_ch1-2
Removed Pin From Net: NetName=GND Pin=R5_ch2-2
Removed Pin From Net: NetName=GND Pin=R5_ch3-2
Removed Pin From Net: NetName=GND Pin=R5_ch4-2
Removed Pin From Net: NetName=GND Pin=R5_ch5-2
Removed Pin From Net: NetName=GND Pin=R5_ch6-2
Removed Pin From Net: NetName=GND Pin=R6_ch1-2
Removed Pin From Net: NetName=GND Pin=R6_ch2-2
Removed Pin From Net: NetName=GND Pin=R6_ch3-2
Removed Pin From Net: NetName=GND Pin=R6_ch4-2
Removed Pin From Net: NetName=GND Pin=R6_ch5-2
Removed Pin From Net: NetName=GND Pin=R6_ch6-2
Removed Pin From Net: NetName=GND Pin=R7_ch1-2
Removed Pin From Net: NetName=GND Pin=R7_ch2-2
Removed Pin From Net: NetName=GND Pin=R7_ch3-2
Removed Pin From Net: NetName=GND Pin=R7_ch4-2
Removed Pin From Net: NetName=GND Pin=R7_ch5-2
Removed Pin From Net: NetName=GND Pin=R7_ch6-2
Removed Pin From Net: NetName=GND Pin=R8_ch1-2
Removed Pin From Net: NetName=GND Pin=R8_ch2-2
Removed Pin From Net: NetName=GND Pin=R8_ch3-2
Removed Pin From Net: NetName=GND Pin=R8_ch4-2
Removed Pin From Net: NetName=GND Pin=R8_ch5-2
Removed Pin From Net: NetName=GND Pin=R8_ch6-2
Removed Pin From Net: NetName=GND Pin=R9_ch1-2
Removed Pin From Net: NetName=GND Pin=R9_ch2-2
Removed Pin From Net: NetName=GND Pin=R9_ch3-2
Removed Pin From Net: NetName=GND Pin=R9_ch4-2
Removed Pin From Net: NetName=GND Pin=R9_ch5-2
Removed Pin From Net: NetName=GND Pin=R9_ch6-2
Removed Pin From Net: NetName=M1_EN1 Pin=R10_ch1-2
Removed Pin From Net: NetName=M1_EN2 Pin=R10_ch2-2
Removed Pin From Net: NetName=M1_EN3 Pin=R10_ch3-2
Removed Pin From Net: NetName=M1_EN1 Pin=R12_ch1-2
Removed Pin From Net: NetName=M1_EN2 Pin=R12_ch2-2
Removed Pin From Net: NetName=M1_EN3 Pin=R12_ch3-2
Removed Pin From Net: NetName=GND Pin=R13_ch1-1
Removed Pin From Net: NetName=GND Pin=R13_ch2-1
Removed Pin From Net: NetName=GND Pin=R13_ch3-1
Removed Pin From Net: NetName=GND Pin=R13_ch4-1
Removed Pin From Net: NetName=GND Pin=R13_ch5-1
Removed Pin From Net: NetName=GND Pin=R13_ch6-1
Removed Pin From Net: NetName=GND Pin=R15_ch1-1
Removed Pin From Net: NetName=GND Pin=R15_ch2-1
Removed Pin From Net: NetName=GND Pin=R15_ch3-1
Removed Pin From Net: NetName=GND Pin=R15_ch4-1
Removed Pin From Net: NetName=GND Pin=R15_ch5-1
Removed Pin From Net: NetName=GND Pin=R15_ch6-1
Removed Pin From Net: NetName=GND Pin=R16_ch1-1
Removed Pin From Net: NetName=GND Pin=R16_ch2-1
Removed Pin From Net: NetName=GND Pin=R16_ch3-1
Removed Pin From Net: NetName=GND Pin=R16_ch4-1
Removed Pin From Net: NetName=GND Pin=R16_ch5-1
Removed Pin From Net: NetName=GND Pin=R16_ch6-1
Removed Pin From Net: NetName=M1_ADC1 Pin=R17_ch1-2
Removed Pin From Net: NetName=M1_ADC2 Pin=R17_ch2-2
Removed Pin From Net: NetName=M1_ADC3 Pin=R17_ch3-2
Removed Pin From Net: NetName=+3.3v Pin=R34-2
Removed Pin From Net: NetName=GND Pin=R35-2
Removed Pin From Net: NetName=+3.3v Pin=R37-1
Removed Pin From Net: NetName=+3.3v Pin=R38-1
Removed Pin From Net: NetName=+3.3v Pin=R39-1
Removed Pin From Net: NetName=GND Pin=R41-2
Removed Pin From Net: NetName=GND Pin=R43-2
Removed Pin From Net: NetName=NetR36_2 Pin=S2-8
Removed Pin From Net: NetName=GND Pin=U1_ch1-7
Removed Pin From Net: NetName=+24v Pin=U1_ch1-12
Removed Pin From Net: NetName=+24v Pin=U1_ch1-13
Removed Pin From Net: NetName=+24v Pin=U1_ch1-14
Removed Pin From Net: NetName=GND Pin=U1_ch1-15
Removed Pin From Net: NetName=GND Pin=U1_ch2-7
Removed Pin From Net: NetName=+24v Pin=U1_ch2-12
Removed Pin From Net: NetName=+24v Pin=U1_ch2-13
Removed Pin From Net: NetName=+24v Pin=U1_ch2-14
Removed Pin From Net: NetName=GND Pin=U1_ch2-15
Removed Pin From Net: NetName=GND Pin=U1_ch3-7
Removed Pin From Net: NetName=+24v Pin=U1_ch3-12
Removed Pin From Net: NetName=+24v Pin=U1_ch3-13
Removed Pin From Net: NetName=+24v Pin=U1_ch3-14
Removed Pin From Net: NetName=GND Pin=U1_ch3-15
Removed Pin From Net: NetName=GND Pin=U1_ch4-7
Removed Pin From Net: NetName=+24v Pin=U1_ch4-12
Removed Pin From Net: NetName=+24v Pin=U1_ch4-13
Removed Pin From Net: NetName=+24v Pin=U1_ch4-14
Removed Pin From Net: NetName=GND Pin=U1_ch4-15
Removed Pin From Net: NetName=GND Pin=U1_ch5-7
Removed Pin From Net: NetName=+24v Pin=U1_ch5-12
Removed Pin From Net: NetName=+24v Pin=U1_ch5-13
Removed Pin From Net: NetName=+24v Pin=U1_ch5-14
Removed Pin From Net: NetName=GND Pin=U1_ch5-15
Removed Pin From Net: NetName=GND Pin=U1_ch6-7
Removed Pin From Net: NetName=+24v Pin=U1_ch6-12
Removed Pin From Net: NetName=+24v Pin=U1_ch6-13
Removed Pin From Net: NetName=+24v Pin=U1_ch6-14
Removed Pin From Net: NetName=GND Pin=U1_ch6-15
Removed Pin From Net: NetName=M1_ADC1 Pin=U2_ch1-1
Removed Pin From Net: NetName=+3.3v Pin=U2_ch1-2
Removed Pin From Net: NetName=GND Pin=U2_ch1-5
Removed Pin From Net: NetName=M1_ADC2 Pin=U2_ch2-1
Removed Pin From Net: NetName=+3.3v Pin=U2_ch2-2
Removed Pin From Net: NetName=GND Pin=U2_ch2-5
Removed Pin From Net: NetName=M1_ADC3 Pin=U2_ch3-1
Removed Pin From Net: NetName=+3.3v Pin=U2_ch3-2
Removed Pin From Net: NetName=GND Pin=U2_ch3-5
Removed Pin From Net: NetName=+3.3v Pin=U2_ch4-2
Removed Pin From Net: NetName=GND Pin=U2_ch4-5
Removed Pin From Net: NetName=+3.3v Pin=U2_ch5-2
Removed Pin From Net: NetName=GND Pin=U2_ch5-5
Removed Pin From Net: NetName=+3.3v Pin=U2_ch6-2
Removed Pin From Net: NetName=GND Pin=U2_ch6-5
Removed Pin From Net: NetName=+3.3v Pin=U4-5
Removed Pin From Net: NetName=ADC_24v Pin=U4-9
Removed Pin From Net: NetName=GND Pin=U4-15
Removed Pin From Net: NetName=+3.3v Pin=U4-16
Removed Pin From Net: NetName=I2C_CLK Pin=U4-17
Removed Pin From Net: NetName=I2C_DATA Pin=U4-18
Removed Pin From Net: NetName=NetR40_2 Pin=VD3-A
Removed Pin From Net: NetName=GND Pin=VD3-K
Removed Pin From Net: NetName=GND Pin=VT1_ch1-2
Removed Pin From Net: NetName=GND Pin=VT1_ch2-2
Removed Pin From Net: NetName=GND Pin=VT1_ch3-2
Removed Pin From Net: NetName=GND Pin=VT1_ch4-2
Removed Pin From Net: NetName=GND Pin=VT1_ch5-2
Removed Pin From Net: NetName=GND Pin=VT1_ch6-2
Removed Pin From Net: NetName=GND Pin=X2-3
Removed Pin From Net: NetName=+3.3v Pin=X2-5
Removed Member From Class: ClassName=DriverPCB Member=S2
Removed Member From Class: ClassName=DriverPCB Member=VD3
Removed Member From Class: ClassName=DriverPCB Member=X2
Change Component Footprint: Designator=C11 Old Footprint=CAPACITOR 0603 New Footprint=ECR 10x13mm
Change Component Footprint: Designator=C12 Old Footprint=CAPACITOR 0603 New Footprint=ECR 10x13mm
Change Component Footprint: Designator=C13 Old Footprint=CAPACITOR 0603 New Footprint=ECR 10x13mm
Change Component Footprint: Designator=R34 Old Footprint=Resistor 0402 New Footprint=Resistor 0603
Change Component Footprint: Designator=R37 Old Footprint=Resistor 0402 New Footprint=Resistor 0603
Change Component Footprint: Designator=R38 Old Footprint=Resistor 0402 New Footprint=Resistor 0603
Change Component Footprint: Designator=R39 Old Footprint=Resistor 0402 New Footprint=Resistor 0603
Change Component Footprint: Designator=R42 Old Footprint=Resistor 0402 New Footprint=Resistor 0603
Change Component Footprint: Designator=R43 Old Footprint=Resistor 0402 New Footprint=Resistor 0603
Change Component Footprint: Designator=R44 Old Footprint=Resistor 0402 New Footprint=Resistor 0603
Change Component Footprint: Designator=U4 Old Footprint=SOP65P640X120-20N New Footprint=SOIC127P1032X265-16N
Change Component Comment : Designator=C11 Old Comment=0.1 uF New Comment=220uF 50v
Change Component Comment : Designator=C12 Old Comment=0.1 uF New Comment=220uF 50v
Change Component Comment : Designator=C13 Old Comment=0.1 uF New Comment=220uF 50v
Change Component Comment : Designator=R40 Old Comment=3K New Comment=10K
Change Component Comment : Designator=R38 Old Comment=10K New Comment=1,5k
Change Component Comment : Designator=R39 Old Comment=10K New Comment=33R
Change Component Comment : Designator=R37 Old Comment=10K New Comment=0603 1k
Change Component Comment : Designator=R34 Old Comment=10K New Comment=0603 9.1k
Change Component Comment : Designator=R42 Old Comment=100K New Comment=1,5k
Change Component Comment : Designator=R41 Old Comment=100K New Comment=10K
Change Component Comment : Designator=R44 Old Comment=100K New Comment=0603 1k
Change Component Comment : Designator=R43 Old Comment=100K New Comment=0603 3k
Change Component Comment : Designator=U4 Old Comment=STM32F030F4P6 New Comment=IR2110S
Change component parameters: Designator = "R40" ("R40"); Footprint = "Resistor 0402"; UniqueID = "\PDALZXQF" ("\PDALZXQF")
Change component parameters (AddParameter): Name = "Package"; Value = "0402"; VariantName = "[No Variations]"
Change component parameters (AddParameter): Name = "Value"; Value = "10K"; VariantName = "[No Variations]"
Change component parameters: Designator = "R41" ("R41"); Footprint = "Resistor 0402"; UniqueID = "\QLLOEPFA" ("\QLLOEPFA")
Change component parameters (AddParameter): Name = "Package"; Value = "0402"; VariantName = "[No Variations]"
Change component parameters (AddParameter): Name = "Value"; Value = "10K"; VariantName = "[No Variations]"
Change component parameters: Designator = "R34" ("R34"); Footprint = "Resistor 0402"; UniqueID = "\DNIFLWVE" ("\DNIFLWVE")
Change component parameters (AddParameter): Name = "Value"; Value = "0603 9.1k"; VariantName = "[No Variations]"
Change component parameters: Designator = "R37" ("R37"); Footprint = "Resistor 0402"; UniqueID = "\ZRZDPZRB" ("\ZRZDPZRB")
Change component parameters (AddParameter): Name = "Value"; Value = "0603 1k"; VariantName = "[No Variations]"
Change component parameters: Designator = "R38" ("R38"); Footprint = "Resistor 0402"; UniqueID = "\ISCFRIWV" ("\ISCFRIWV")
Change component parameters (AddParameter): Name = "Package"; Value = "0603"; VariantName = "[No Variations]"
Change component parameters (AddParameter): Name = "Value"; Value = "1,5k"; VariantName = "[No Variations]"
Change component parameters: Designator = "R39" ("R39"); Footprint = "Resistor 0402"; UniqueID = "\ZXTSQYSF" ("\ZXTSQYSF")
Change component parameters (AddParameter): Name = "Package"; Value = "0603"; VariantName = "[No Variations]"
Change component parameters (AddParameter): Name = "Value"; Value = "33R"; VariantName = "[No Variations]"
Change component parameters: Designator = "R42" ("R42"); Footprint = "Resistor 0402"; UniqueID = "\PBRXGHQQ" ("\PBRXGHQQ")
Change component parameters (AddParameter): Name = "Package"; Value = "0603"; VariantName = "[No Variations]"
Change component parameters (AddParameter): Name = "Value"; Value = "1,5k"; VariantName = "[No Variations]"
Change component parameters: Designator = "R43" ("R43"); Footprint = "Resistor 0402"; UniqueID = "\QPYOLHRQ" ("\QPYOLHRQ")
Change component parameters (AddParameter): Name = "Value"; Value = "0603 3k"; VariantName = "[No Variations]"
Change component parameters: Designator = "R44" ("R44"); Footprint = "Resistor 0402"; UniqueID = "\GGCGVCUZ" ("\GGCGVCUZ")
Change component parameters (AddParameter): Name = "Value"; Value = "0603 1k"; VariantName = "[No Variations]"
Change component parameters: Designator = "C11" ("C11"); Footprint = "CAPACITOR 0603"; UniqueID = "\WDUBJDTO" ("\WDUBJDTO")
Change component parameters (AddParameter): Name = "Type"; Value = "Type"; VariantName = "[No Variations]"
Change component parameters (AddParameter): Name = "URL"; Value = "http://www.hitano.com.tw/PDF/ECR_081225.pdf"; VariantName = "[No Variations]"
Change component parameters (AddParameter): Name = "Value"; Value = "220uF"; VariantName = "[No Variations]"
Change component parameters (AddParameter): Name = "Voltage"; Value = "50"; VariantName = "[No Variations]"
Change component parameters: Designator = "C12" ("C12"); Footprint = "CAPACITOR 0603"; UniqueID = "\VXZIMAPX" ("\VXZIMAPX")
Change component parameters (AddParameter): Name = "Type"; Value = "Type"; VariantName = "[No Variations]"
Change component parameters (AddParameter): Name = "URL"; Value = "http://www.hitano.com.tw/PDF/ECR_081225.pdf"; VariantName = "[No Variations]"
Change component parameters (AddParameter): Name = "Value"; Value = "10x13 220uF"; VariantName = "[No Variations]"
Change component parameters (AddParameter): Name = "Voltage"; Value = "50"; VariantName = "[No Variations]"
Change component parameters: Designator = "C13" ("C13"); Footprint = "CAPACITOR 0603"; UniqueID = "\UHQOIFAL" ("\UHQOIFAL")
Change component parameters (AddParameter): Name = "Type"; Value = "Type"; VariantName = "[No Variations]"
Change component parameters (AddParameter): Name = "URL"; Value = "http://www.hitano.com.tw/PDF/ECR_081225.pdf"; VariantName = "[No Variations]"
Change component parameters (AddParameter): Name = "Value"; Value = "220uF"; VariantName = "[No Variations]"
Change component parameters (AddParameter): Name = "Voltage"; Value = "50"; VariantName = "[No Variations]"
Change component parameters: Designator = "U4" ("U4"); Footprint = "SOP65P640X120-20N"; UniqueID = "\MTRPKRLH" ("\MTRPKRLH")
Change component parameters (AddParameter): Name = "Availability"; Value = "In Stock"; VariantName = "[No Variations]"
Change component parameters (AddParameter): Name = "Check_prices"; Value = "https://www.snapeda.com/parts/IR2110S/Infineon+Technologies/view-part/?ref=eda"; VariantName = "[No Variations]"
Change component parameters (AddParameter): Name = "MF"; Value = "Infineon"; VariantName = "[No Variations]"
Change component parameters (AddParameter): Name = "MP"; Value = "IR2110S"; VariantName = "[No Variations]"
Change component parameters (AddParameter): Name = "Package"; Value = "SOIC-16 International Rectifier"; VariantName = "[No Variations]"
Change component parameters (AddParameter): Name = "Price"; Value = "None"; VariantName = "[No Variations]"
Change component parameters (AddParameter): Name = "Purchase-URL"; Value = "https://pricing.snapeda.com/search/part/IR2110S/?ref=eda"; VariantName = "[No Variations]"
Change component parameters (AddParameter): Name = "SnapEDA_Link"; Value = "https://www.snapeda.com/parts/IR2110S/Infineon+Technologies/view-part/?ref=snap"; VariantName = "[No Variations]"
Change component parameters (AddParameter): Name = "Value"; Value = ""; VariantName = "[No Variations]"
Added Component: Designator=C1(CAPACITOR 0603)
Add component (AddParameter): Name = "Package"; Value = "0603"; VariantName = "[No Variations]"
Add component (AddParameter): Name = "Value"; Value = "0.1 uF"; VariantName = "[No Variations]"
Added Component: Designator=C2(C - EL_Tantal_TYPED)
Add component (AddParameter): Name = "Indication"; Value = "{Indication}"; VariantName = "[No Variations]"
Add component (AddParameter): Name = "Name"; Value = "22uf 35V"; VariantName = "[No Variations]"
Add component (AddParameter): Name = "Value"; Value = "{Value}"; VariantName = "[No Variations]"
Added Component: Designator=C3(CAPACITOR 0603)
Add component (AddParameter): Name = "Package"; Value = "0603"; VariantName = "[No Variations]"
Add component (AddParameter): Name = "Value"; Value = "0.1 uF"; VariantName = "[No Variations]"
Added Component: Designator=C4(C - EL_Tantal_TYPED)
Add component (AddParameter): Name = "Indication"; Value = "{Indication}"; VariantName = "[No Variations]"
Add component (AddParameter): Name = "Name"; Value = "22uf 35V"; VariantName = "[No Variations]"
Add component (AddParameter): Name = "Value"; Value = "{Value}"; VariantName = "[No Variations]"
Added Component: Designator=C5(CAPACITOR 0603)
Add component (AddParameter): Name = "Package"; Value = "0603"; VariantName = "[No Variations]"
Add component (AddParameter): Name = "Value"; Value = "0.1 uF"; VariantName = "[No Variations]"
Added Component: Designator=C6(C - EL_Tantal_TYPED)
Add component (AddParameter): Name = "Indication"; Value = "{Indication}"; VariantName = "[No Variations]"
Add component (AddParameter): Name = "Name"; Value = "22uf 35V"; VariantName = "[No Variations]"
Add component (AddParameter): Name = "Value"; Value = "{Value}"; VariantName = "[No Variations]"
Added Component: Designator=C7(ECR 10x13mm)
Add component (AddParameter): Name = "Type"; Value = "Type"; VariantName = "[No Variations]"
Add component (AddParameter): Name = "URL"; Value = "http://www.hitano.com.tw/PDF/ECR_081225.pdf"; VariantName = "[No Variations]"
Add component (AddParameter): Name = "Value"; Value = "10x13 220uF"; VariantName = "[No Variations]"
Add component (AddParameter): Name = "Voltage"; Value = "50"; VariantName = "[No Variations]"
Added Component: Designator=D1(DIO_ES1J)
Add component (AddParameter): Name = "Arrow_Electronics-Purchase-URL"; Value = "https://snapeda.com/shop?store=Arrow+Electronics&id=1637442"; VariantName = "[No Variations]"
Add component (AddParameter): Name = "Availability"; Value = "Good"; VariantName = "[No Variations]"
Add component (AddParameter): Name = "BuyPart"; Value = "https://www.snapeda.com/parts/ES1J/ON%20Semiconductor/view-part/1637442/?ref=eda"; VariantName = "[No Variations]"
Add component (AddParameter): Name = "DigiKey-Purchase-URL"; Value = "https://snapeda.com/shop?store=DigiKey&id=1637442"; VariantName = "[No Variations]"
Add component (AddParameter): Name = "MF"; Value = "ON Semiconductor"; VariantName = "[No Variations]"
Add component (AddParameter): Name = "Mouser-Purchase-URL"; Value = "https://snapeda.com/shop?store=Mouser&id=1637442"; VariantName = "[No Variations]"
Add component (AddParameter): Name = "MP"; Value = "ES1J"; VariantName = "[No Variations]"
Add component (AddParameter): Name = "Package"; Value = "SMA-2 ON Semiconductor"; VariantName = "[No Variations]"
Add component (AddParameter): Name = "Price"; Value = "None"; VariantName = "[No Variations]"
Add component (AddParameter): Name = "SnapEDA_Link"; Value = "https://www.snapeda.com/parts/ES1J/ON%20Semiconductor/view-part/1637442/?ref=snap"; VariantName = "[No Variations]"
Add component (AddParameter): Name = "Value"; Value = ""; VariantName = "[No Variations]"
Added Component: Designator=D2(DIO_ES1J)
Add component (AddParameter): Name = "Arrow_Electronics-Purchase-URL"; Value = "https://snapeda.com/shop?store=Arrow+Electronics&id=1637442"; VariantName = "[No Variations]"
Add component (AddParameter): Name = "Availability"; Value = "Good"; VariantName = "[No Variations]"
Add component (AddParameter): Name = "BuyPart"; Value = "https://www.snapeda.com/parts/ES1J/ON%20Semiconductor/view-part/1637442/?ref=eda"; VariantName = "[No Variations]"
Add component (AddParameter): Name = "DigiKey-Purchase-URL"; Value = "https://snapeda.com/shop?store=DigiKey&id=1637442"; VariantName = "[No Variations]"
Add component (AddParameter): Name = "MF"; Value = "ON Semiconductor"; VariantName = "[No Variations]"
Add component (AddParameter): Name = "Mouser-Purchase-URL"; Value = "https://snapeda.com/shop?store=Mouser&id=1637442"; VariantName = "[No Variations]"
Add component (AddParameter): Name = "MP"; Value = "ES1J"; VariantName = "[No Variations]"
Add component (AddParameter): Name = "Package"; Value = "SMA-2 ON Semiconductor"; VariantName = "[No Variations]"
Add component (AddParameter): Name = "Price"; Value = "None"; VariantName = "[No Variations]"
Add component (AddParameter): Name = "SnapEDA_Link"; Value = "https://www.snapeda.com/parts/ES1J/ON%20Semiconductor/view-part/1637442/?ref=snap"; VariantName = "[No Variations]"
Add component (AddParameter): Name = "Value"; Value = ""; VariantName = "[No Variations]"
Added Component: Designator=D3(DIO_ES1J)
Add component (AddParameter): Name = "Arrow_Electronics-Purchase-URL"; Value = "https://snapeda.com/shop?store=Arrow+Electronics&id=1637442"; VariantName = "[No Variations]"
Add component (AddParameter): Name = "Availability"; Value = "Good"; VariantName = "[No Variations]"
Add component (AddParameter): Name = "BuyPart"; Value = "https://www.snapeda.com/parts/ES1J/ON%20Semiconductor/view-part/1637442/?ref=eda"; VariantName = "[No Variations]"
Add component (AddParameter): Name = "DigiKey-Purchase-URL"; Value = "https://snapeda.com/shop?store=DigiKey&id=1637442"; VariantName = "[No Variations]"
Add component (AddParameter): Name = "MF"; Value = "ON Semiconductor"; VariantName = "[No Variations]"
Add component (AddParameter): Name = "Mouser-Purchase-URL"; Value = "https://snapeda.com/shop?store=Mouser&id=1637442"; VariantName = "[No Variations]"
Add component (AddParameter): Name = "MP"; Value = "ES1J"; VariantName = "[No Variations]"
Add component (AddParameter): Name = "Package"; Value = "SMA-2 ON Semiconductor"; VariantName = "[No Variations]"
Add component (AddParameter): Name = "Price"; Value = "None"; VariantName = "[No Variations]"
Add component (AddParameter): Name = "SnapEDA_Link"; Value = "https://www.snapeda.com/parts/ES1J/ON%20Semiconductor/view-part/1637442/?ref=snap"; VariantName = "[No Variations]"
Add component (AddParameter): Name = "Value"; Value = ""; VariantName = "[No Variations]"
Added Component: Designator=D4(DIO_ES1J)
Add component (AddParameter): Name = "Arrow_Electronics-Purchase-URL"; Value = "https://snapeda.com/shop?store=Arrow+Electronics&id=1637442"; VariantName = "[No Variations]"
Add component (AddParameter): Name = "Availability"; Value = "Good"; VariantName = "[No Variations]"
Add component (AddParameter): Name = "BuyPart"; Value = "https://www.snapeda.com/parts/ES1J/ON%20Semiconductor/view-part/1637442/?ref=eda"; VariantName = "[No Variations]"
Add component (AddParameter): Name = "DigiKey-Purchase-URL"; Value = "https://snapeda.com/shop?store=DigiKey&id=1637442"; VariantName = "[No Variations]"
Add component (AddParameter): Name = "MF"; Value = "ON Semiconductor"; VariantName = "[No Variations]"
Add component (AddParameter): Name = "Mouser-Purchase-URL"; Value = "https://snapeda.com/shop?store=Mouser&id=1637442"; VariantName = "[No Variations]"
Add component (AddParameter): Name = "MP"; Value = "ES1J"; VariantName = "[No Variations]"
Add component (AddParameter): Name = "Package"; Value = "SMA-2 ON Semiconductor"; VariantName = "[No Variations]"
Add component (AddParameter): Name = "Price"; Value = "None"; VariantName = "[No Variations]"
Add component (AddParameter): Name = "SnapEDA_Link"; Value = "https://www.snapeda.com/parts/ES1J/ON%20Semiconductor/view-part/1637442/?ref=snap"; VariantName = "[No Variations]"
Add component (AddParameter): Name = "Value"; Value = ""; VariantName = "[No Variations]"
Added Component: Designator=D5(DIO_ES1J)
Add component (AddParameter): Name = "Arrow_Electronics-Purchase-URL"; Value = "https://snapeda.com/shop?store=Arrow+Electronics&id=1637442"; VariantName = "[No Variations]"
Add component (AddParameter): Name = "Availability"; Value = "Good"; VariantName = "[No Variations]"
Add component (AddParameter): Name = "BuyPart"; Value = "https://www.snapeda.com/parts/ES1J/ON%20Semiconductor/view-part/1637442/?ref=eda"; VariantName = "[No Variations]"
Add component (AddParameter): Name = "DigiKey-Purchase-URL"; Value = "https://snapeda.com/shop?store=DigiKey&id=1637442"; VariantName = "[No Variations]"
Add component (AddParameter): Name = "MF"; Value = "ON Semiconductor"; VariantName = "[No Variations]"
Add component (AddParameter): Name = "Mouser-Purchase-URL"; Value = "https://snapeda.com/shop?store=Mouser&id=1637442"; VariantName = "[No Variations]"
Add component (AddParameter): Name = "MP"; Value = "ES1J"; VariantName = "[No Variations]"
Add component (AddParameter): Name = "Package"; Value = "SMA-2 ON Semiconductor"; VariantName = "[No Variations]"
Add component (AddParameter): Name = "Price"; Value = "None"; VariantName = "[No Variations]"
Add component (AddParameter): Name = "SnapEDA_Link"; Value = "https://www.snapeda.com/parts/ES1J/ON%20Semiconductor/view-part/1637442/?ref=snap"; VariantName = "[No Variations]"
Add component (AddParameter): Name = "Value"; Value = ""; VariantName = "[No Variations]"
Added Component: Designator=D6(DIOM7958X213N)
Add component (AddParameter): Name = "Availability"; Value = "Unavailable"; VariantName = "[No Variations]"
Add component (AddParameter): Name = "MF"; Value = "ON Semiconductor"; VariantName = "[No Variations]"
Add component (AddParameter): Name = "MP"; Value = "MBRS540T3G"; VariantName = "[No Variations]"
Add component (AddParameter): Name = "Package"; Value = "DO-214 ON Semiconductor"; VariantName = "[No Variations]"
Add component (AddParameter): Name = "Price"; Value = "None"; VariantName = "[No Variations]"
Add component (AddParameter): Name = "SnapEDA_Link"; Value = "https://www.snapeda.com/parts/MBRS540T3G/ON%20Semiconductor/view-part/78777/?ref=snap"; VariantName = "[No Variations]"
Add component (AddParameter): Name = "Value"; Value = "0603 0.1uF"; VariantName = "[No Variations]"
Added Component: Designator=D7(DIO_ES1J)
Add component (AddParameter): Name = "Arrow_Electronics-Purchase-URL"; Value = "https://snapeda.com/shop?store=Arrow+Electronics&id=1637442"; VariantName = "[No Variations]"
Add component (AddParameter): Name = "Availability"; Value = "Good"; VariantName = "[No Variations]"
Add component (AddParameter): Name = "BuyPart"; Value = "https://www.snapeda.com/parts/ES1J/ON%20Semiconductor/view-part/1637442/?ref=eda"; VariantName = "[No Variations]"
Add component (AddParameter): Name = "DigiKey-Purchase-URL"; Value = "https://snapeda.com/shop?store=DigiKey&id=1637442"; VariantName = "[No Variations]"
Add component (AddParameter): Name = "MF"; Value = "ON Semiconductor"; VariantName = "[No Variations]"
Add component (AddParameter): Name = "Mouser-Purchase-URL"; Value = "https://snapeda.com/shop?store=Mouser&id=1637442"; VariantName = "[No Variations]"
Add component (AddParameter): Name = "MP"; Value = "ES1J"; VariantName = "[No Variations]"
Add component (AddParameter): Name = "Package"; Value = "SMA-2 ON Semiconductor"; VariantName = "[No Variations]"
Add component (AddParameter): Name = "Price"; Value = "None"; VariantName = "[No Variations]"
Add component (AddParameter): Name = "SnapEDA_Link"; Value = "https://www.snapeda.com/parts/ES1J/ON%20Semiconductor/view-part/1637442/?ref=snap"; VariantName = "[No Variations]"
Add component (AddParameter): Name = "Value"; Value = ""; VariantName = "[No Variations]"
Added Component: Designator=D8(DIOM7958X213N)
Add component (AddParameter): Name = "Availability"; Value = "Unavailable"; VariantName = "[No Variations]"
Add component (AddParameter): Name = "MF"; Value = "ON Semiconductor"; VariantName = "[No Variations]"
Add component (AddParameter): Name = "MP"; Value = "MBRS540T3G"; VariantName = "[No Variations]"
Add component (AddParameter): Name = "Package"; Value = "DO-214 ON Semiconductor"; VariantName = "[No Variations]"
Add component (AddParameter): Name = "Price"; Value = "None"; VariantName = "[No Variations]"
Add component (AddParameter): Name = "SnapEDA_Link"; Value = "https://www.snapeda.com/parts/MBRS540T3G/ON%20Semiconductor/view-part/78777/?ref=snap"; VariantName = "[No Variations]"
Add component (AddParameter): Name = "Value"; Value = "0603 0.1uF"; VariantName = "[No Variations]"
Added Component: Designator=DD1(TO-263)
Add component (AddParameter): Name = "ComponentLink1URL"; Value = "http://www.national.com/ds/LM/LM2596.pdf"; VariantName = "[No Variations]"
Add component (AddParameter): Name = "ComponentLink2URL"; Value = "http://www.national.com/pf/LM/LM2596.html"; VariantName = "[No Variations]"
Add component (AddParameter): Name = "ComponentLink3URL"; Value = "http://www.national.com/packaging/folders/ts5b.html"; VariantName = "[No Variations]"
Add component (AddParameter): Name = "CompType"; Value = "Switcher"; VariantName = "[No Variations]"
Add component (AddParameter): Name = "Manufacturer"; Value = "National Semiconductor"; VariantName = "[No Variations]"
Add component (AddParameter): Name = "PartNumber"; Value = "LM2596S-ADJ"; VariantName = "[No Variations]"
Add component (AddParameter): Name = "Published"; Value = "13.04.2012"; VariantName = "[No Variations]"
Add component (AddParameter): Name = "Publisher"; Value = "Reukov A.V."; VariantName = "[No Variations]"
Add component (AddParameter): Name = "Value"; Value = "LM2596S-ADJ"; VariantName = "[No Variations]"
Added Component: Designator=DD2(TO-263)
Add component (AddParameter): Name = "ComponentLink1URL"; Value = "http://www.national.com/ds/LM/LM2596.pdf"; VariantName = "[No Variations]"
Add component (AddParameter): Name = "ComponentLink2URL"; Value = "http://www.national.com/pf/LM/LM2596.html"; VariantName = "[No Variations]"
Add component (AddParameter): Name = "ComponentLink3URL"; Value = "http://www.national.com/packaging/folders/ts5b.html"; VariantName = "[No Variations]"
Add component (AddParameter): Name = "CompType"; Value = "Switcher"; VariantName = "[No Variations]"
Add component (AddParameter): Name = "Manufacturer"; Value = "National Semiconductor"; VariantName = "[No Variations]"
Add component (AddParameter): Name = "PartNumber"; Value = "LM2596S-ADJ"; VariantName = "[No Variations]"
Add component (AddParameter): Name = "Published"; Value = "13.04.2012"; VariantName = "[No Variations]"
Add component (AddParameter): Name = "Publisher"; Value = "Reukov A.V."; VariantName = "[No Variations]"
Add component (AddParameter): Name = "Value"; Value = "LM2596S-ADJ"; VariantName = "[No Variations]"
Added Component: Designator=L1(SRR1208)
Add component (AddParameter): Name = "Availability"; Value = "Unavailable"; VariantName = "[No Variations]"
Add component (AddParameter): Name = "MF"; Value = "Bourns"; VariantName = "[No Variations]"
Add component (AddParameter): Name = "MP"; Value = "SRR1208-6R5ML"; VariantName = "[No Variations]"
Add component (AddParameter): Name = "Package"; Value = "Nonstandard Bourns"; VariantName = "[No Variations]"
Add component (AddParameter): Name = "Price"; Value = "None"; VariantName = "[No Variations]"
Add component (AddParameter): Name = "SnapEDA_Link"; Value = "https://www.snapeda.com/parts/SRR1208-6R5ML/Bourns/view-part/353452/?ref=snap"; VariantName = "[No Variations]"
Add component (AddParameter): Name = "Value"; Value = ""; VariantName = "[No Variations]"
Added Component: Designator=L2(SRR1208)
Add component (AddParameter): Name = "Availability"; Value = "Unavailable"; VariantName = "[No Variations]"
Add component (AddParameter): Name = "MF"; Value = "Bourns"; VariantName = "[No Variations]"
Add component (AddParameter): Name = "MP"; Value = "SRR1208-6R5ML"; VariantName = "[No Variations]"
Add component (AddParameter): Name = "Package"; Value = "Nonstandard Bourns"; VariantName = "[No Variations]"
Add component (AddParameter): Name = "Price"; Value = "None"; VariantName = "[No Variations]"
Add component (AddParameter): Name = "SnapEDA_Link"; Value = "https://www.snapeda.com/parts/SRR1208-6R5ML/Bourns/view-part/353452/?ref=snap"; VariantName = "[No Variations]"
Add component (AddParameter): Name = "Value"; Value = ""; VariantName = "[No Variations]"
Added Component: Designator=Q1(TO-220-KCS0003B)
Add component (AddParameter): Name = "Availability"; Value = "Unavailable"; VariantName = "[No Variations]"
Add component (AddParameter): Name = "MF"; Value = ""; VariantName = "[No Variations]"
Add component (AddParameter): Name = "MP"; Value = "IPP037N06L3_G"; VariantName = "[No Variations]"
Add component (AddParameter): Name = "Package"; Value = "None"; VariantName = "[No Variations]"
Add component (AddParameter): Name = "Price"; Value = "None"; VariantName = "[No Variations]"
Add component (AddParameter): Name = "Value"; Value = ""; VariantName = "[No Variations]"
Added Component: Designator=Q2(TO-220-KCS0003B)
Add component (AddParameter): Name = "Availability"; Value = "Unavailable"; VariantName = "[No Variations]"
Add component (AddParameter): Name = "MF"; Value = ""; VariantName = "[No Variations]"
Add component (AddParameter): Name = "MP"; Value = "IPP037N06L3_G"; VariantName = "[No Variations]"
Add component (AddParameter): Name = "Package"; Value = "None"; VariantName = "[No Variations]"
Add component (AddParameter): Name = "Price"; Value = "None"; VariantName = "[No Variations]"
Add component (AddParameter): Name = "Value"; Value = ""; VariantName = "[No Variations]"
Added Component: Designator=Q3(TO-220-KCS0003B)
Add component (AddParameter): Name = "Availability"; Value = "Unavailable"; VariantName = "[No Variations]"
Add component (AddParameter): Name = "MF"; Value = ""; VariantName = "[No Variations]"
Add component (AddParameter): Name = "MP"; Value = "IPP037N06L3_G"; VariantName = "[No Variations]"
Add component (AddParameter): Name = "Package"; Value = "None"; VariantName = "[No Variations]"
Add component (AddParameter): Name = "Price"; Value = "None"; VariantName = "[No Variations]"
Add component (AddParameter): Name = "Value"; Value = ""; VariantName = "[No Variations]"
Added Component: Designator=Q4(TO-220-KCS0003B)
Add component (AddParameter): Name = "Availability"; Value = "Unavailable"; VariantName = "[No Variations]"
Add component (AddParameter): Name = "MF"; Value = ""; VariantName = "[No Variations]"
Add component (AddParameter): Name = "MP"; Value = "IPP037N06L3_G"; VariantName = "[No Variations]"
Add component (AddParameter): Name = "Package"; Value = "None"; VariantName = "[No Variations]"
Add component (AddParameter): Name = "Price"; Value = "None"; VariantName = "[No Variations]"
Add component (AddParameter): Name = "Value"; Value = ""; VariantName = "[No Variations]"
Added Component: Designator=Q5(TO-220-KCS0003B)
Add component (AddParameter): Name = "Availability"; Value = "Unavailable"; VariantName = "[No Variations]"
Add component (AddParameter): Name = "MF"; Value = ""; VariantName = "[No Variations]"
Add component (AddParameter): Name = "MP"; Value = "IPP037N06L3_G"; VariantName = "[No Variations]"
Add component (AddParameter): Name = "Package"; Value = "None"; VariantName = "[No Variations]"
Add component (AddParameter): Name = "Price"; Value = "None"; VariantName = "[No Variations]"
Add component (AddParameter): Name = "Value"; Value = ""; VariantName = "[No Variations]"
Added Component: Designator=Q6(TO-220-KCS0003B)
Add component (AddParameter): Name = "Availability"; Value = "Unavailable"; VariantName = "[No Variations]"
Add component (AddParameter): Name = "MF"; Value = ""; VariantName = "[No Variations]"
Add component (AddParameter): Name = "MP"; Value = "IPP037N06L3_G"; VariantName = "[No Variations]"
Add component (AddParameter): Name = "Package"; Value = "None"; VariantName = "[No Variations]"
Add component (AddParameter): Name = "Price"; Value = "None"; VariantName = "[No Variations]"
Add component (AddParameter): Name = "Value"; Value = ""; VariantName = "[No Variations]"
Added Component: Designator=R1(Resistor 0402)
Add component (AddParameter): Name = "Package"; Value = "0402"; VariantName = "[No Variations]"
Add component (AddParameter): Name = "Value"; Value = "10K"; VariantName = "[No Variations]"
Added Component: Designator=R2(Resistor 0402)
Add component (AddParameter): Name = "Package"; Value = "0402"; VariantName = "[No Variations]"
Add component (AddParameter): Name = "Value"; Value = "10K"; VariantName = "[No Variations]"
Added Component: Designator=R3(Resistor 0603)
Add component (AddParameter): Name = "Package"; Value = "0603"; VariantName = "[No Variations]"
Add component (AddParameter): Name = "Value"; Value = "33R"; VariantName = "[No Variations]"
Added Component: Designator=R4(Resistor 0603)
Add component (AddParameter): Name = "Package"; Value = "0603"; VariantName = "[No Variations]"
Add component (AddParameter): Name = "Value"; Value = "1,5k"; VariantName = "[No Variations]"
Added Component: Designator=R5(Resistor 0402)
Add component (AddParameter): Name = "Package"; Value = "0402"; VariantName = "[No Variations]"
Add component (AddParameter): Name = "Value"; Value = "10K"; VariantName = "[No Variations]"
Added Component: Designator=R6(Resistor 0402)
Add component (AddParameter): Name = "Package"; Value = "0402"; VariantName = "[No Variations]"
Add component (AddParameter): Name = "Value"; Value = "10K"; VariantName = "[No Variations]"
Added Component: Designator=R7(Resistor 0603)
Add component (AddParameter): Name = "Package"; Value = "0603"; VariantName = "[No Variations]"
Add component (AddParameter): Name = "Value"; Value = "33R"; VariantName = "[No Variations]"
Added Component: Designator=R8(Resistor 0603)
Add component (AddParameter): Name = "Package"; Value = "0603"; VariantName = "[No Variations]"
Add component (AddParameter): Name = "Value"; Value = "1,5k"; VariantName = "[No Variations]"
Added Component: Designator=R9(Resistor 0402)
Add component (AddParameter): Name = "Package"; Value = "0402"; VariantName = "[No Variations]"
Add component (AddParameter): Name = "Value"; Value = "10K"; VariantName = "[No Variations]"
Added Component: Designator=R10(Resistor 0402)
Add component (AddParameter): Name = "Package"; Value = "0402"; VariantName = "[No Variations]"
Add component (AddParameter): Name = "Value"; Value = "10K"; VariantName = "[No Variations]"
Added Component: Designator=R11(Resistor 0603)
Add component (AddParameter): Name = "Package"; Value = "0603"; VariantName = "[No Variations]"
Add component (AddParameter): Name = "Value"; Value = "33R"; VariantName = "[No Variations]"
Added Component: Designator=R12(Resistor 0603)
Add component (AddParameter): Name = "Package"; Value = "0603"; VariantName = "[No Variations]"
Add component (AddParameter): Name = "Value"; Value = "1,5k"; VariantName = "[No Variations]"
Added Component: Designator=R13(Resistor 0402)
Add component (AddParameter): Name = "Package"; Value = "0402"; VariantName = "[No Variations]"
Add component (AddParameter): Name = "Value"; Value = "10K"; VariantName = "[No Variations]"
Added Component: Designator=R14(Resistor 0402)
Add component (AddParameter): Name = "Package"; Value = "0402"; VariantName = "[No Variations]"
Add component (AddParameter): Name = "Value"; Value = "10K"; VariantName = "[No Variations]"
Added Component: Designator=R15(Resistor 0603)
Add component (AddParameter): Name = "Package"; Value = "0603"; VariantName = "[No Variations]"
Add component (AddParameter): Name = "Value"; Value = "33R"; VariantName = "[No Variations]"
Added Component: Designator=R16(Resistor 0603)
Add component (AddParameter): Name = "Package"; Value = "0603"; VariantName = "[No Variations]"
Add component (AddParameter): Name = "Value"; Value = "1,5k"; VariantName = "[No Variations]"
Added Component: Designator=R17(Resistor 0603)
Add component (AddParameter): Name = "Package"; Value = "0603"; VariantName = "[No Variations]"
Add component (AddParameter): Name = "Value"; Value = "33R"; VariantName = "[No Variations]"
Added Component: Designator=U1(SOIC127P1032X265-16N)
Add component (AddParameter): Name = "Availability"; Value = "In Stock"; VariantName = "[No Variations]"
Add component (AddParameter): Name = "Check_prices"; Value = "https://www.snapeda.com/parts/IR2110S/Infineon+Technologies/view-part/?ref=eda"; VariantName = "[No Variations]"
Add component (AddParameter): Name = "MF"; Value = "Infineon"; VariantName = "[No Variations]"
Add component (AddParameter): Name = "MP"; Value = "IR2110S"; VariantName = "[No Variations]"
Add component (AddParameter): Name = "Package"; Value = "SOIC-16 International Rectifier"; VariantName = "[No Variations]"
Add component (AddParameter): Name = "Price"; Value = "None"; VariantName = "[No Variations]"
Add component (AddParameter): Name = "Purchase-URL"; Value = "https://pricing.snapeda.com/search/part/IR2110S/?ref=eda"; VariantName = "[No Variations]"
Add component (AddParameter): Name = "SnapEDA_Link"; Value = "https://www.snapeda.com/parts/IR2110S/Infineon+Technologies/view-part/?ref=snap"; VariantName = "[No Variations]"
Add component (AddParameter): Name = "Value"; Value = ""; VariantName = "[No Variations]"
Added Component: Designator=U2(SOIC127P1032X265-16N)
Add component (AddParameter): Name = "Availability"; Value = "In Stock"; VariantName = "[No Variations]"
Add component (AddParameter): Name = "Check_prices"; Value = "https://www.snapeda.com/parts/IR2110S/Infineon+Technologies/view-part/?ref=eda"; VariantName = "[No Variations]"
Add component (AddParameter): Name = "MF"; Value = "Infineon"; VariantName = "[No Variations]"
Add component (AddParameter): Name = "MP"; Value = "IR2110S"; VariantName = "[No Variations]"
Add component (AddParameter): Name = "Package"; Value = "SOIC-16 International Rectifier"; VariantName = "[No Variations]"
Add component (AddParameter): Name = "Price"; Value = "None"; VariantName = "[No Variations]"
Add component (AddParameter): Name = "Purchase-URL"; Value = "https://pricing.snapeda.com/search/part/IR2110S/?ref=eda"; VariantName = "[No Variations]"
Add component (AddParameter): Name = "SnapEDA_Link"; Value = "https://www.snapeda.com/parts/IR2110S/Infineon+Technologies/view-part/?ref=snap"; VariantName = "[No Variations]"
Add component (AddParameter): Name = "Value"; Value = ""; VariantName = "[No Variations]"
Added Component: Designator=VT1(SOT23)
Add component (AddParameter): Name = "Published"; Value = "17.04.2012"; VariantName = "[No Variations]"
Add component (AddParameter): Name = "Publisher"; Value = "Reukov A.V."; VariantName = "[No Variations]"
Added Component: Designator=VT2(SOT23)
Add component (AddParameter): Name = "Published"; Value = "17.04.2012"; VariantName = "[No Variations]"
Add component (AddParameter): Name = "Publisher"; Value = "Reukov A.V."; VariantName = "[No Variations]"
Added Component: Designator=VT3(SOT23)
Add component (AddParameter): Name = "Published"; Value = "17.04.2012"; VariantName = "[No Variations]"
Add component (AddParameter): Name = "Publisher"; Value = "Reukov A.V."; VariantName = "[No Variations]"
Added Component: Designator=VT4(SOT23)
Add component (AddParameter): Name = "Published"; Value = "17.04.2012"; VariantName = "[No Variations]"
Add component (AddParameter): Name = "Publisher"; Value = "Reukov A.V."; VariantName = "[No Variations]"
Added Component: Designator=VT5(SOT23)
Add component (AddParameter): Name = "Published"; Value = "17.04.2012"; VariantName = "[No Variations]"
Add component (AddParameter): Name = "Publisher"; Value = "Reukov A.V."; VariantName = "[No Variations]"
Added Component: Designator=VT6(SOT23)
Add component (AddParameter): Name = "Published"; Value = "17.04.2012"; VariantName = "[No Variations]"
Add component (AddParameter): Name = "Publisher"; Value = "Reukov A.V."; VariantName = "[No Variations]"
Added Pin To Net: NetName=+5v Pin=C1-1
Added Pin To Net: NetName=+5v Pin=C2-1
Added Pin To Net: NetName=+5v Pin=C3-1
Added Pin To Net: NetName=+5v Pin=C4-1
Added Pin To Net: NetName=+5v Pin=C5-1
Added Pin To Net: NetName=+5v Pin=C6-1
Added Pin To Net: NetName=GND Pin=C7-2
Added Pin To Net: NetName=+5v Pin=C13-1
Added Pin To Net: NetName=GND Pin=C13-2
Added Pin To Net: NetName=GND Pin=D6-A
Added Pin To Net: NetName=GND Pin=D8-A
Added Pin To Net: NetName=GND Pin=DD1-3
Added Pin To Net: NetName=GND Pin=DD1-5
Added Pin To Net: NetName=GND Pin=DD1-6
Added Pin To Net: NetName=GND Pin=DD2-3
Added Pin To Net: NetName=GND Pin=DD2-5
Added Pin To Net: NetName=GND Pin=DD2-6
Added Pin To Net: NetName=+5v Pin=L2-P$2
Added Pin To Net: NetName=GND Pin=Q1-3
Added Pin To Net: NetName=GND Pin=Q2-3
Added Pin To Net: NetName=GND Pin=Q3-3
Added Pin To Net: NetName=GND Pin=Q4-3
Added Pin To Net: NetName=GND Pin=Q5-3
Added Pin To Net: NetName=GND Pin=Q6-3
Added Pin To Net: NetName=+5v Pin=R1-1
Added Pin To Net: NetName=+3.3v Pin=R2-1
Added Pin To Net: NetName=GND Pin=R4-2
Added Pin To Net: NetName=+5v Pin=R5-1
Added Pin To Net: NetName=+3.3v Pin=R6-1
Added Pin To Net: NetName=GND Pin=R8-2
Added Pin To Net: NetName=+5v Pin=R9-1
Added Pin To Net: NetName=+3.3v Pin=R10-1
Added Pin To Net: NetName=GND Pin=R12-2
Added Pin To Net: NetName=+5v Pin=R13-1
Added Pin To Net: NetName=+3.3v Pin=R14-1
Added Pin To Net: NetName=GND Pin=R16-2
Added Pin To Net: NetName=+5v Pin=R35-1
Added Pin To Net: NetName=GND Pin=R37-2
Added Pin To Net: NetName=GND Pin=R38-2
Added Pin To Net: NetName=+5v Pin=R40-1
Added Pin To Net: NetName=+3.3v Pin=R41-1
Added Pin To Net: NetName=+5v Pin=R43-2
Added Pin To Net: NetName=+5v Pin=U1-11
Added Pin To Net: NetName=+5v Pin=U2-11
Added Pin To Net: NetName=+5v Pin=U4-11
Added Pin To Net: NetName=+3.3v Pin=VT1-1
Added Pin To Net: NetName=+3.3v Pin=VT2-1
Added Pin To Net: NetName=+3.3v Pin=VT3-1
Added Pin To Net: NetName=+3.3v Pin=VT4-1
Added Pin To Net: NetName=+3.3v Pin=VT5-1
Added Pin To Net: NetName=NetR36_2 Pin=VT5-2
Added Pin To Net: NetName=+3.3v Pin=VT6-1
Added Pin To Net: NetName=NetR40_2 Pin=VT6-3
Added Pin To Net: NetName=+12v Pin=C11-1
Added Pin To Net: NetName=+12v Pin=L1-P$2
Added Pin To Net: NetName=+12v Pin=R34-2
Added Pin To Net: NetName=+12v Pin=U1-3
Added Pin To Net: NetName=+12v Pin=U1-6
Added Pin To Net: NetName=+12v Pin=U2-3
Added Pin To Net: NetName=+12v Pin=U2-6
Added Pin To Net: NetName=+12v Pin=U4-3
Added Pin To Net: NetName=+12v Pin=U4-6
Added Net: Name=+12v
Added Pin To Net: NetName=NetD1_A Pin=D1-A
Added Pin To Net: NetName=NetD1_A Pin=Q1-1
Added Pin To Net: NetName=NetD1_A Pin=R3-2
Added Pin To Net: NetName=NetD1_A Pin=R4-1
Added Net: Name=NetD1_A
Added Pin To Net: NetName=NetD1_K Pin=D1-K
Added Pin To Net: NetName=NetD1_K Pin=R3-1
Added Net: Name=NetD1_K
Added Pin To Net: NetName=NetD2_A Pin=D2-A
Added Pin To Net: NetName=NetD2_A Pin=Q2-1
Added Pin To Net: NetName=NetD2_A Pin=R7-2
Added Pin To Net: NetName=NetD2_A Pin=R8-1
Added Net: Name=NetD2_A
Added Pin To Net: NetName=NetD2_K Pin=D2-K
Added Pin To Net: NetName=NetD2_K Pin=R7-1
Added Net: Name=NetD2_K
Added Pin To Net: NetName=NetD3_A Pin=D3-A
Added Pin To Net: NetName=NetD3_A Pin=Q3-1
Added Pin To Net: NetName=NetD3_A Pin=R11-2
Added Pin To Net: NetName=NetD3_A Pin=R12-1
Added Net: Name=NetD3_A
Added Pin To Net: NetName=NetD3_K Pin=D3-K
Added Pin To Net: NetName=NetD3_K Pin=R11-1
Added Net: Name=NetD3_K
Added Pin To Net: NetName=NetD4_A Pin=D4-A
Added Pin To Net: NetName=NetD4_A Pin=Q4-1
Added Pin To Net: NetName=NetD4_A Pin=R15-2
Added Pin To Net: NetName=NetD4_A Pin=R16-1
Added Net: Name=NetD4_A
Added Pin To Net: NetName=NetD4_K Pin=D4-K
Added Pin To Net: NetName=NetD4_K Pin=R15-1
Added Net: Name=NetD4_K
Added Pin To Net: NetName=NetD5_A Pin=D5-A
Added Pin To Net: NetName=NetD5_A Pin=Q5-1
Added Pin To Net: NetName=NetD5_A Pin=R17-2
Added Pin To Net: NetName=NetD5_A Pin=R38-1
Added Net: Name=NetD5_A
Added Pin To Net: NetName=NetD5_K Pin=D5-K
Added Pin To Net: NetName=NetD5_K Pin=R17-1
Added Net: Name=NetD5_K
Added Pin To Net: NetName=NetD6_C Pin=D6-C
Added Pin To Net: NetName=NetD6_C Pin=DD1-2
Added Pin To Net: NetName=NetD6_C Pin=L1-P$1
Added Net: Name=NetD6_C
Added Pin To Net: NetName=NetD7_A Pin=D7-A
Added Pin To Net: NetName=NetD7_A Pin=Q6-1
Added Pin To Net: NetName=NetD7_A Pin=R39-2
Added Pin To Net: NetName=NetD7_A Pin=R42-1
Added Net: Name=NetD7_A
Added Pin To Net: NetName=NetD7_K Pin=D7-K
Added Pin To Net: NetName=NetD7_K Pin=R39-1
Added Net: Name=NetD7_K
Added Pin To Net: NetName=NetD8_C Pin=D8-C
Added Pin To Net: NetName=NetD8_C Pin=DD2-2
Added Pin To Net: NetName=NetD8_C Pin=L2-P$1
Added Net: Name=NetD8_C
Added Pin To Net: NetName=NetDD1_4 Pin=DD1-4
Added Pin To Net: NetName=NetDD1_4 Pin=R34-1
Added Pin To Net: NetName=NetDD1_4 Pin=R37-1
Added Net: Name=NetDD1_4
Added Pin To Net: NetName=NetDD2_4 Pin=DD2-4
Added Pin To Net: NetName=NetDD2_4 Pin=R43-1
Added Pin To Net: NetName=NetDD2_4 Pin=R44-1
Added Net: Name=NetDD2_4
Added Pin To Net: NetName=NetR1_2 Pin=R1-2
Added Pin To Net: NetName=NetR1_2 Pin=VT1-3
Added Net: Name=NetR1_2
Added Pin To Net: NetName=NetR2_2 Pin=R2-2
Added Pin To Net: NetName=NetR2_2 Pin=VT1-2
Added Net: Name=NetR2_2
Added Pin To Net: NetName=NetR5_2 Pin=R5-2
Added Pin To Net: NetName=NetR5_2 Pin=VT2-3
Added Net: Name=NetR5_2
Added Pin To Net: NetName=NetR6_2 Pin=R6-2
Added Pin To Net: NetName=NetR6_2 Pin=VT2-2
Added Net: Name=NetR6_2
Added Pin To Net: NetName=NetR9_2 Pin=R9-2
Added Pin To Net: NetName=NetR9_2 Pin=VT3-3
Added Net: Name=NetR9_2
Added Pin To Net: NetName=NetR10_2 Pin=R10-2
Added Pin To Net: NetName=NetR10_2 Pin=VT3-2
Added Net: Name=NetR10_2
Added Pin To Net: NetName=NetR13_2 Pin=R13-2
Added Pin To Net: NetName=NetR13_2 Pin=VT4-3
Added Net: Name=NetR13_2
Added Pin To Net: NetName=NetR14_2 Pin=R14-2
Added Pin To Net: NetName=NetR14_2 Pin=VT4-2
Added Net: Name=NetR14_2
Added Pin To Net: NetName=NetR35_2 Pin=R35-2
Added Pin To Net: NetName=NetR35_2 Pin=VT5-3
Added Net: Name=NetR35_2
Added Pin To Net: NetName=NetR41_2 Pin=R41-2
Added Pin To Net: NetName=NetR41_2 Pin=VT6-2
Added Net: Name=NetR41_2
Added Pin To Net: NetName=OUT1 Pin=Q1-2
Added Pin To Net: NetName=OUT1 Pin=Q2-2
Added Pin To Net: NetName=OUT1 Pin=Q3-2
Added Pin To Net: NetName=OUT1 Pin=Q4-2
Added Pin To Net: NetName=OUT1 Pin=Q5-2
Added Pin To Net: NetName=OUT1 Pin=Q6-2
Added Net: Name=OUT1
Added Pin To Net: NetName=V_24pwr Pin=C7-1
Added Pin To Net: NetName=V_24pwr Pin=C12-1
Added Pin To Net: NetName=V_24pwr Pin=DD1-1
Added Pin To Net: NetName=V_24pwr Pin=DD2-1
Added Net: Name=V_24pwr
Change Class Name : Old Net Name=DriverPCB New Net Name=PWR_Switch_PCB
Added Member To Class: ClassName=PWR_Switch_PCB Member=Component C1 0.1 uF
Added Member To Class: ClassName=PWR_Switch_PCB Member=Component C2 {Value}
Added Member To Class: ClassName=PWR_Switch_PCB Member=Component C3 0.1 uF
Added Member To Class: ClassName=PWR_Switch_PCB Member=Component C4 {Value}
Added Member To Class: ClassName=PWR_Switch_PCB Member=Component C5 0.1 uF
Added Member To Class: ClassName=PWR_Switch_PCB Member=Component C6 {Value}
Added Member To Class: ClassName=PWR_Switch_PCB Member=Component C7 220uF 50v
Added Member To Class: ClassName=PWR_Switch_PCB Member=Component D1 ES1J
Added Member To Class: ClassName=PWR_Switch_PCB Member=Component D2 ES1J
Added Member To Class: ClassName=PWR_Switch_PCB Member=Component D3 ES1J
Added Member To Class: ClassName=PWR_Switch_PCB Member=Component D4 ES1J
Added Member To Class: ClassName=PWR_Switch_PCB Member=Component D5 ES1J
Added Member To Class: ClassName=PWR_Switch_PCB Member=Component D6 MBRS540T3G
Added Member To Class: ClassName=PWR_Switch_PCB Member=Component D7 ES1J
Added Member To Class: ClassName=PWR_Switch_PCB Member=Component D8 MBRS540T3G
Added Member To Class: ClassName=PWR_Switch_PCB Member=Component DD1 LM2596S-ADJ
Added Member To Class: ClassName=PWR_Switch_PCB Member=Component DD2 LM2596S-ADJ
Added Member To Class: ClassName=PWR_Switch_PCB Member=Component L1 SRR1208-6R5ML
Added Member To Class: ClassName=PWR_Switch_PCB Member=Component L2 SRR1208-6R5ML
Added Member To Class: ClassName=PWR_Switch_PCB Member=Component Q1 IRF
Added Member To Class: ClassName=PWR_Switch_PCB Member=Component Q2 IRF
Added Member To Class: ClassName=PWR_Switch_PCB Member=Component Q3 IRF
Added Member To Class: ClassName=PWR_Switch_PCB Member=Component Q4 IRF
Added Member To Class: ClassName=PWR_Switch_PCB Member=Component Q5 IRF
Added Member To Class: ClassName=PWR_Switch_PCB Member=Component Q6 IRF
Added Member To Class: ClassName=PWR_Switch_PCB Member=Component R1 10K
Added Member To Class: ClassName=PWR_Switch_PCB Member=Component R2 10K
Added Member To Class: ClassName=PWR_Switch_PCB Member=Component R3 33R
Added Member To Class: ClassName=PWR_Switch_PCB Member=Component R4 1,5k
Added Member To Class: ClassName=PWR_Switch_PCB Member=Component R5 10K
Added Member To Class: ClassName=PWR_Switch_PCB Member=Component R6 10K
Added Member To Class: ClassName=PWR_Switch_PCB Member=Component R7 33R
Added Member To Class: ClassName=PWR_Switch_PCB Member=Component R8 1,5k
Added Member To Class: ClassName=PWR_Switch_PCB Member=Component R9 10K
Added Member To Class: ClassName=PWR_Switch_PCB Member=Component R10 10K
Added Member To Class: ClassName=PWR_Switch_PCB Member=Component R11 33R
Added Member To Class: ClassName=PWR_Switch_PCB Member=Component R12 1,5k
Added Member To Class: ClassName=PWR_Switch_PCB Member=Component R13 10K
Added Member To Class: ClassName=PWR_Switch_PCB Member=Component R14 10K
Added Member To Class: ClassName=PWR_Switch_PCB Member=Component R15 33R
Added Member To Class: ClassName=PWR_Switch_PCB Member=Component R16 1,5k
Added Member To Class: ClassName=PWR_Switch_PCB Member=Component R17 33R
Added Member To Class: ClassName=PWR_Switch_PCB Member=Component U1 IR2110S
Added Member To Class: ClassName=PWR_Switch_PCB Member=Component U2 IR2110S
Added Member To Class: ClassName=PWR_Switch_PCB Member=Component VT1 NMOS GSD
Added Member To Class: ClassName=PWR_Switch_PCB Member=Component VT2 NMOS GSD
Added Member To Class: ClassName=PWR_Switch_PCB Member=Component VT3 NMOS GSD
Added Member To Class: ClassName=PWR_Switch_PCB Member=Component VT4 NMOS GSD
Added Member To Class: ClassName=PWR_Switch_PCB Member=Component VT5 NMOS GSD
Added Member To Class: ClassName=PWR_Switch_PCB Member=Component VT6 NMOS GSD
